#
# A fatal error has been detected by the Java Runtime Environment:
#
#  Internal Error (jvmciRuntime.cpp:1609), pid=31, tid=45
#  fatal error: Fatal exception in JVMCI: Error calling jdk.vm.ci.services.Services.serializeSavedProperties
#
# JRE version: OpenJDK Runtime Environment GraalVM CE 22.3.0 (17.0.5+8) (build 17.0.5+8-jvmci-22.3-b08)
# Java VM: OpenJDK 64-Bit Server VM GraalVM CE 22.3.0 (17.0.5+8-jvmci-22.3-b08, mixed mode, sharing, tiered, jvmci, jvmci compiler, compressed oops, compressed class ptrs, parallel gc, linux-amd64)
# Problematic frame:
# V  [libjvm.so+0x972714]  JVMCIRuntime::fatal_exception(JVMCIEnv*, char const*)+0x74
#
# Core dump will be written. Default location: Core dumps may be processed with "/usr/share/apport/apport -p%p -s%s -c%c -d%d -P%P -u%u -g%g -- %E" (or dumping to /home/runner/Zoo/core.31)
#
# If you would like to submit a bug report, please visit:
#   https://github.com/oracle/graal/issues
#

---------------  S U M M A R Y ------------

Command Line: -XX:ThreadPriorityPolicy=1 -XX:+UnlockExperimentalVMOptions -XX:+EnableJVMCIProduct -XX:JVMCIThreadsPerNativeLibraryRuntime=1 -XX:-UnlockExperimentalVMOptions -Declipse.application=org.eclipse.jdt.ls.core.id1 -Dosgi.bundles.defaultStartLevel=4 -Declipse.product=org.eclipse.jdt.ls.core.product -Dlog.level=ALL -Xverify:none -XX:+UseParallelGC -XX:GCTimeRatio=4 -XX:AdaptiveSizePolicyWeight=90 -Dsun.zip.disableMemoryMapping=true -Xmx512m -Xms100m /nix/store/m6gcpi1ii6rghy04cjwjddcavv7i90df-jdt-language-server-1.9.0/share/java/plugins/org.eclipse.equinox.launcher_1.6.400.v20210924-0641.jar --add-modules=ALL-SYSTEM --add-opens java.base/java.util=ALL-UNNAMED --add-opens java.base/java.lang=ALL-UNNAMED -configuration /home/runner/.cache/jdt-language-server/config -data /home/runner/.cache/jdt-language-server/data/home/runner/Zoo

Host: AMD EPYC 7B12, 8 cores, 1G, Ubuntu 20.04.2 LTS
Time: Thu Jan 26 01:50:03 2023 UTC elapsed time: 1093.367624 seconds (0d 0h 18m 13s)

---------------  T H R E A D  ---------------

Current thread (0x00007f74bc0b21b0):  JavaThread "JVMCI-native CompilerThread0" daemon [_thread_in_vm, id=45, stack(0x00007f74c0118000,0x00007f74c0318000)]


Current CompileTask:
JVMCI-native:1093368 9223       4       org.eclipse.jdt.internal.compiler.util.CharArrayMap::get (38 bytes)

Stack: [0x00007f74c0118000,0x00007f74c0318000],  sp=0x00007f74c0316380,  free space=2040k
Native frames: (J=compiled Java code, j=interpreted, Vv=VM code, C=native code)
V  [libjvm.so+0x972714]  JVMCIRuntime::fatal_exception(JVMCIEnv*, char const*)+0x74
V  [libjvm.so+0x93e2fe]  JVMCIEnv::copy_saved_properties()+0x14e
V  [libjvm.so+0x9732a9]  JVMCIRuntime::initialize(JVMCIEnv*)+0xb19
V  [libjvm.so+0x9738a2]  JVMCIRuntime::get_HotSpotJVMCIRuntime(JVMCIEnv*)+0x12
V  [libjvm.so+0x9749f2]  JVMCIRuntime::compile_method(JVMCIEnv*, JVMCICompiler*, methodHandle const&, int)+0xd2
V  [libjvm.so+0x5b0d20]  CompileBroker::invoke_compiler_on_method(CompileTask*)+0x1470
V  [libjvm.so+0x5b12e8]  CompileBroker::compiler_thread_loop()+0x528
V  [libjvm.so+0xd82460]  JavaThread::thread_main_inner()+0xd0
V  [libjvm.so+0xd85a40]  Thread::call_run()+0xc0
V  [libjvm.so+0xbdb1e1]  thread_native_entry(Thread*)+0xe1

Register to memory mapping:

RAX=0x00007f74c3282000 points into unknown readable memory: 0x0000000000000058 | 58 00 00 00 00 00 00 00
RBX=0x00007f74c437d398: <offset 0x0000000000ef5398> in /nix/store/gpxl5qgg8kicmcvivwmybwjlpf7wh20l-graalvm17-ce-22.3.0/lib/server/libjvm.so at 0x00007f74c3488000
RCX=0x00007f74c43351e8: <offset 0x0000000000ead1e8> in /nix/store/gpxl5qgg8kicmcvivwmybwjlpf7wh20l-graalvm17-ce-22.3.0/lib/server/libjvm.so at 0x00007f74c3488000
RDX=0x0000000000000649 is an unknown value
RSP=0x00007f74c0316380 is pointing into the stack for thread: 0x00007f74bc0b21b0
RBP=0x00007f74c03163a0 is pointing into the stack for thread: 0x00007f74bc0b21b0
RSI=0x00007f74c437dc48: <offset 0x0000000000ef5c48> in /nix/store/gpxl5qgg8kicmcvivwmybwjlpf7wh20l-graalvm17-ce-22.3.0/lib/server/libjvm.so at 0x00007f74c3488000
RDI=0x00000000e0000000 is an oop: java.lang.String 
{0x00000000e0000000} - klass: 'java/lang/String'
 - string: "resolution"
R8 =0x00007f74c437d398: <offset 0x0000000000ef5398> in /nix/store/gpxl5qgg8kicmcvivwmybwjlpf7wh20l-graalvm17-ce-22.3.0/lib/server/libjvm.so at 0x00007f74c3488000
R9 =0x00007f74c0316330 is pointing into the stack for thread: 0x00007f74bc0b21b0
R10=0x00007f74c0317948 is pointing into the stack for thread: 0x00007f74bc0b21b0
R11=0x0000000000000293 is an unknown value
R12=0x0 is NULL
R13=0x00007f74bc0b21b0 is a thread
R14=0x00007f74bc000b80 points into unknown readable memory: 0x00007f74c45aea38 | 38 ea 5a c4 74 7f 00 00
R15=0x00007f74c46bce40: <offset 0x0000000001234e40> in /nix/store/gpxl5qgg8kicmcvivwmybwjlpf7wh20l-graalvm17-ce-22.3.0/lib/server/libjvm.so at 0x00007f74c3488000


Registers:
RAX=0x00007f74c3282000, RBX=0x00007f74c437d398, RCX=0x00007f74c43351e8, RDX=0x0000000000000649
RSP=0x00007f74c0316380, RBP=0x00007f74c03163a0, RSI=0x00007f74c437dc48, RDI=0x00000000e0000000
R8 =0x00007f74c437d398, R9 =0x00007f74c0316330, R10=0x00007f74c0317948, R11=0x0000000000000293
R12=0x0000000000000000, R13=0x00007f74bc0b21b0, R14=0x00007f74bc000b80, R15=0x00007f74c46bce40
RIP=0x00007f74c3dfa714, EFLAGS=0x0000000000010206, CSGSFS=0x002b000000000033, ERR=0x0000000000000006
  TRAPNO=0x000000000000000e

Top of Stack: (sp=0x00007f74c0316380)
0x00007f74c0316380:   00007f74c0316940 00007f74bc0b21b0
0x00007f74c0316390:   00007f74c1c138c8 0000000800c415a8
0x00007f74c03163a0:   00007f74c0316500 00007f74c3dc62fe
0x00007f74c03163b0:   00007f74c03163e0 00007f74c0316440 

Instructions: (pc=0x00007f74c3dfa714)
0x00007f74c3dfa614:   30 e8 f6 cf e8 ff 4c 89 e7 e8 2e 48 d1 ff 84 db
0x00007f74c3dfa624:   75 2a 4d 85 ed 74 04 4d 8b 6d 00 48 83 c4 08 44
0x00007f74c3dfa634:   89 f9 4c 89 f2 4c 89 ee 5b 4c 89 e7 41 5c 41 5d
0x00007f74c3dfa644:   41 5e 41 5f 5d e9 e2 47 d1 ff 66 90 48 83 c4 08
0x00007f74c3dfa654:   5b 41 5c 41 5d 41 5e 41 5f 5d c3 90 31 d2 be 08
0x00007f74c3dfa664:   00 00 00 4c 89 ff e8 b1 78 a3 ff 49 89 c5 e9 37
0x00007f74c3dfa674:   ff ff ff 66 0f 1f 84 00 00 00 00 00 48 8b 7a 08
0x00007f74c3dfa684:   e9 6d ff ff ff 0f 1f 80 00 00 00 00 e8 5b 48 0a
0x00007f74c3dfa694:   00 84 c0 75 89 e9 6a ff ff ff 66 90 55 48 89 e5
0x00007f74c3dfa6a4:   41 56 41 55 41 54 49 89 fc 53 48 89 f3 66 48 8d
0x00007f74c3dfa6b4:   3d 27 5e 85 00 66 66 48 e8 df 43 8d ff 4c 8b 28
0x00007f74c3dfa6c4:   8b 05 be 72 8a 00 85 c0 75 14 ba 01 00 00 00 48
0x00007f74c3dfa6d4:   8d 0d ae 72 8a 00 f0 0f b1 11 85 c0 74 4e be c8
0x00007f74c3dfa6e4:   00 00 00 4c 89 ef e8 01 0b 41 00 48 8d 05 12 ac
0x00007f74c3dfa6f4:   85 00 49 89 d8 48 8d 0d e8 aa 53 00 ba 49 06 00
0x00007f74c3dfa704:   00 48 8d 35 3c 35 58 00 bf 00 00 00 e0 48 8b 00
0x00007f74c3dfa714:   c6 00 58 31 c0 e8 e2 91 c6 ff 5b 41 5c 41 5d 41
0x00007f74c3dfa724:   5e 5d e9 55 34 26 00 0f 1f 44 00 00 48 8d 05 81
0x00007f74c3dfa734:   a3 8b 00 48 89 df 4c 8b 30 e8 9e 43 8d ff 48 89
0x00007f74c3dfa744:   de 48 89 c2 49 8b 06 4c 89 f7 ff 50 08 4c 89 f7
0x00007f74c3dfa754:   e8 a7 5c 27 00 4d 85 e4 74 12 be 01 00 00 00 4c
0x00007f74c3dfa764:   89 e7 e8 35 43 fc ff eb 82 0f 1f 00 be 01 00 00
0x00007f74c3dfa774:   00 4c 89 ef e8 d3 fd ff ff e9 6d ff ff ff 66 66
0x00007f74c3dfa784:   2e 0f 1f 84 00 00 00 00 00 0f 1f 00 55 48 89 e5
0x00007f74c3dfa794:   41 57 41 56 41 55 41 54 53 48 81 ec 08 02 00 00
0x00007f74c3dfa7a4:   64 48 8b 04 25 28 00 00 00 48 89 45 c8 8b 07 83
0x00007f74c3dfa7b4:   f8 02 0f 84 11 04 00 00 4c 8b 6f 18 49 89 ff 49
0x00007f74c3dfa7c4:   89 f4 4d 85 ed 74 14 4c 89 ef e8 5d 57 22 00 41
0x00007f74c3dfa7d4:   8b 07 83 f8 02 0f 84 19 04 00 00 48 8d 1d 9a 06
0x00007f74c3dfa7e4:   8a 00 4c 8d 35 0b 3c 58 00 eb 38 90 48 85 d2 7f
0x00007f74c3dfa7f4:   0d 48 8d 05 b4 c0 85 00 48 83 38 00 7e 0e 41 8b
0x00007f74c3dfa804:   77 2c 4c 89 f7 31 c0 e8 a0 b2 f7 ff 49 8b 7f 18 


Stack slot to memory mapping:
stack at sp + 0 slots: 0x00007f74c0316940 is pointing into the stack for thread: 0x00007f74bc0b21b0
stack at sp + 1 slots: 0x00007f74bc0b21b0 is a thread
stack at sp + 2 slots: 0x00007f74c1c138c8 points into unknown readable memory: 0x6573001880c9ffff | ff ff c9 80 18 00 73 65
stack at sp + 3 slots: 0x0000000800c415a8 is a pointer to class: 
jdk.vm.ci.services.Services {0x0000000800c415a8}
 - instance size:     2
 - klass size:        65
 - access:            public final synchronized 
 - state:             fully_initialized
 - name:              'jdk/vm/ci/services/Services'
 - super:             'java/lang/Object'
 - sub:               
 - arrays:            NULL
 - methods:           Array<T>(0x00007f74c0c3e210)
 - method ordering:   Array<T>(0x0000000800928960)
 - default_methods:   Array<T>(0x0000000000000000)
 - local interfaces:  Array<T>(0x00000008005ce810)
 - trans. interfaces: Array<T>(0x00000008005ce810)
 - constants:         constant pool [427] {0x00007f74c0c3d2f0} for 'jdk/vm/ci/services/Services' cache=0x00007f74c0c3f4e0
 - class loader data:  loader data: 0x00007f74bc0283d0 of 'bootstrap'
 - source file:       'Services.java'
 - class annotations:       Array<T>(0x0000000000000000)
 - class type annotations:  Array<T>(0x0000000000000000)
 - field annotations:       Array<T>(0x0000000000000000)
 - field type annotations:  Array<T>(0x0000000000000000)
 - inner classes:     Array<T>(0x00007f74c0c3f4b0)
 - nest members:     Array<T>(0x00007f74c0c3f4d0)
 - permitted subclasses:     Array<T>(0x00000008005ce7a0)
 - java mirror:       a 'java/lang/Class'{0x00000000e0147150} = 'jdk/vm/ci/services/Services'
 - vtable length      5  (start addr: 0x0000000800c41778)
 - itable length      2 (start addr: 0x0000000800c417a0)
 - ---- static fields (3 words):
 - public static final 'IS_BUILDING_NATIVE_IMAGE' 'Z' @128 
 - public static final 'IS_IN_NATIVE_IMAGE' 'Z' @129 
 - private static volatile 'savedProperties' 'Ljava/util/Map;' @112 
 - static final 'JVMCI_ENABLED' 'Z' @130 
 - private static final 'servicesCache' 'Ljava/util/Map;' @116 
 - private static final 'MAX_UNICODE_IN_UTF8_LENGTH' 'I' @120 
 - private static final 'MAX_UTF8_PROPERTY_STRING_LENGTH' 'I' @124 
 - ---- non-static fields (0 words):
 - non-static oop maps: 
stack at sp + 4 slots: 0x00007f74c0316500 is pointing into the stack for thread: 0x00007f74bc0b21b0
stack at sp + 5 slots: 0x00007f74c3dc62fe: <offset 0x000000000093e2fe> in /nix/store/gpxl5qgg8kicmcvivwmybwjlpf7wh20l-graalvm17-ce-22.3.0/lib/server/libjvm.so at 0x00007f74c3488000
stack at sp + 6 slots: 0x00007f74c03163e0 is pointing into the stack for thread: 0x00007f74bc0b21b0
stack at sp + 7 slots: 0x00007f74c0316440 is pointing into the stack for thread: 0x00007f74bc0b21b0


---------------  P R O C E S S  ---------------

Threads class SMR info:
_java_thread_list=0x00007f7404000c40, length=34, elements={
0x00007f74bc026670, 0x00007f74bc0a64b0, 0x00007f74bc0a78f0, 0x00007f74bc0ae020,
0x00007f74bc0af3d0, 0x00007f74bc0b07c0, 0x00007f74bc0b21b0, 0x00007f74bc0b36c0,
0x00007f74bc0b4b10, 0x00007f74bc0d7d60, 0x00007f74bc1278e0, 0x00007f74bc343290,
0x00007f74bc376500, 0x00007f74bc378d20, 0x00007f74bc63e310, 0x00007f745401a3f0,
0x00007f74542a04d0, 0x00007f743c0010d0, 0x00007f74545ef710, 0x00007f74bc46d9d0,
0x00007f7440001220, 0x00007f74bc1ff4a0, 0x00007f74400ac310, 0x00007f7434048d70,
0x00007f74240e53e0, 0x00007f74241af060, 0x00007f74240e97d0, 0x00007f74240dfe10,
0x00007f74241abc00, 0x00007f74240e3590, 0x00007f74240de8b0, 0x00007f74240e0fc0,
0x00007f742414ef90, 0x00007f742414e470
}

Java Threads: ( => current thread )
  0x00007f74bc026670 JavaThread "main" [_thread_blocked, id=37, stack(0x00007f74c32a3000,0x00007f74c33a3000)]
  0x00007f74bc0a64b0 JavaThread "Reference Handler" daemon [_thread_blocked, id=40, stack(0x00007f74c09fe000,0x00007f74c0afe000)]
  0x00007f74bc0a78f0 JavaThread "Finalizer" daemon [_thread_blocked, id=41, stack(0x00007f74c08fe000,0x00007f74c09fe000)]
  0x00007f74bc0ae020 JavaThread "Signal Dispatcher" daemon [_thread_blocked, id=42, stack(0x00007f74c0518000,0x00007f74c0618000)]
  0x00007f74bc0af3d0 JavaThread "Service Thread" daemon [_thread_blocked, id=43, stack(0x00007f74c0418000,0x00007f74c0518000)]
  0x00007f74bc0b07c0 JavaThread "Monitor Deflation Thread" daemon [_thread_blocked, id=44, stack(0x00007f74c0318000,0x00007f74c0418000)]
=>0x00007f74bc0b21b0 JavaThread "JVMCI-native CompilerThread0" daemon [_thread_in_vm, id=45, stack(0x00007f74c0118000,0x00007f74c0318000)]
  0x00007f74bc0b36c0 JavaThread "C1 CompilerThread0" daemon [_thread_blocked, id=46, stack(0x00007f74a32b3000,0x00007f74a34b3000)]
  0x00007f74bc0b4b10 JavaThread "Sweeper thread" daemon [_thread_blocked, id=47, stack(0x00007f74c0018000,0x00007f74c0118000)]
  0x00007f74bc0d7d60 JavaThread "Common-Cleaner" daemon [_thread_blocked, id=48, stack(0x00007f74a31b3000,0x00007f74a32b3000)]
  0x00007f74bc1278e0 JavaThread "Notification Thread" daemon [_thread_blocked, id=50, stack(0x00007f74a30b3000,0x00007f74a31b3000)]
  0x00007f74bc343290 JavaThread "Active Thread: Equinox Container: e5e283a3-c3da-4464-8f2b-f629a64872e0" [_thread_blocked, id=62, stack(0x00007f74a0b00000,0x00007f74a0c00000)]
  0x00007f74bc376500 JavaThread "Framework Event Dispatcher: Equinox Container: e5e283a3-c3da-4464-8f2b-f629a64872e0" daemon [_thread_blocked, id=63, stack(0x00007f74a0900000,0x00007f74a0a00000)]
  0x00007f74bc378d20 JavaThread "Start Level: Equinox Container: e5e283a3-c3da-4464-8f2b-f629a64872e0" daemon [_thread_blocked, id=64, stack(0x00007f74a0700000,0x00007f74a0800000)]
  0x00007f74bc63e310 JavaThread "Refresh Thread: Equinox Container: e5e283a3-c3da-4464-8f2b-f629a64872e0" daemon [_thread_blocked, id=65, stack(0x00007f74a0500000,0x00007f74a0600000)]
  0x00007f745401a3f0 JavaThread "SCR Component Actor" daemon [_thread_blocked, id=75, stack(0x00007f74a0300000,0x00007f74a0400000)]
  0x00007f74542a04d0 JavaThread "Worker-JM" [_thread_blocked, id=85, stack(0x00007f746ad00000,0x00007f746ae00000)]
  0x00007f743c0010d0 JavaThread "Worker-1: Java indexing... " [_thread_blocked, id=87, stack(0x00007f746a900000,0x00007f746aa00000)]
  0x00007f74545ef710 JavaThread "Bundle File Closer" daemon [_thread_blocked, id=89, stack(0x00007f746a500000,0x00007f746a600000)]
  0x00007f74bc46d9d0 JavaThread "pool-3-thread-1" [_thread_blocked, id=98, stack(0x00007f746a300000,0x00007f746a400000)]
  0x00007f7440001220 JavaThread "Worker-2: Periodic workspace save." [_thread_blocked, id=99, stack(0x00007f746a100000,0x00007f746a200000)]
  0x00007f74bc1ff4a0 JavaThread "pool-2-thread-1" [_thread_blocked, id=100, stack(0x00007f7469f00000,0x00007f746a000000)]
  0x00007f74400ac310 JavaThread "Worker-6: Compacting resource model" [_thread_blocked, id=632, stack(0x00007f7469d00000,0x00007f7469e00000)]
  0x00007f7434048d70 JavaThread "Java indexing" daemon [_thread_blocked, id=774, stack(0x00007f74a0400000,0x00007f74a0500000)]
  0x00007f74240e53e0 JavaThread "Thread-29" [_thread_blocked, id=779, stack(0x00007f74a0600000,0x00007f74a0700000)]
  0x00007f74241af060 JavaThread "Thread-40" [_thread_blocked, id=1055, stack(0x00007f74a0100000,0x00007f74a0200000)]
  0x00007f74240e97d0 JavaThread "Thread-41" [_thread_blocked, id=1288, stack(0x00007f74a0800000,0x00007f74a0900000)]
  0x00007f74240dfe10 JavaThread "Thread-42" [_thread_blocked, id=1321, stack(0x00007f746a600000,0x00007f746a700000)]
  0x00007f74241abc00 JavaThread "Thread-43" [_thread_blocked, id=1529, stack(0x00007f746ab00000,0x00007f746ac00000)]
  0x00007f74240e3590 JavaThread "Thread-44" [_thread_blocked, id=1907, stack(0x00007f746a400000,0x00007f746a500000)]
  0x00007f74240de8b0 JavaThread "Thread-45" [_thread_blocked, id=2132, stack(0x00007f746ac00000,0x00007f746ad00000)]
  0x00007f74240e0fc0 JavaThread "Thread-46" [_thread_blocked, id=2529, stack(0x00007f746aa00000,0x00007f746ab00000)]
  0x00007f742414ef90 JavaThread "Thread-47" [_thread_blocked, id=2833, stack(0x00007f7469900000,0x00007f7469a00000)]
  0x00007f742414e470 JavaThread "Thread-48" [_thread_blocked, id=3363, stack(0x00007f7469b00000,0x00007f7469c00000)]

Other Threads:
  0x00007f74bc0a1bf0 VMThread "VM Thread" [stack: 0x00007f74c0b00000,0x00007f74c0c00000] [id=39] _threads_hazard_ptr=0x00007f7404000c40
  0x00007f74bc129280 WatcherThread [stack: 0x00007f74a2fb3000,0x00007f74a30b3000] [id=51]
  0x00007f74bc03df10 GCTaskThread "GC Thread#0" [stack: 0x00007f74c2e66000,0x00007f74c2f66000] [id=38]

Threads with active compile tasks:
JVMCI-native CompilerThread0  1093476 9223       4       org.eclipse.jdt.internal.compiler.util.CharArrayMap::get (38 bytes)

VM state: synchronizing (normal execution)

VM Mutex/Monitor currently owned by a thread:  ([mutex/lock_event])
[0x00007f74bc023820] Threads_lock - owner thread: 0x00007f74bc0a1bf0
[0x00007f74bc023fd0] Heap_lock - owner thread: 0x00007f74241abc00

OutOfMemory and StackOverflow Exception counts:
OutOfMemoryError java_heap_errors=6
LinkageErrors=50

Heap address: 0x00000000e0000000, size: 512 MB, Compressed Oops mode: 32-bit

CDS archive(s) mapped at: [0x0000000800000000-0x0000000800bc8000-0x0000000800bc8000), size 12353536, SharedBaseAddress: 0x0000000800000000, ArchiveRelocationMode: 0.
Compressed class space mapped at: 0x0000000800c00000-0x0000000840c00000, reserved size: 1073741824
Narrow klass base: 0x0000000800000000, Narrow klass shift: 0, Narrow klass range: 0x100000000

GC Precious Log:
 CPUs: 8 total, 1 available
 Memory: 1024M
 Large Page Support: Disabled
 NUMA Support: Disabled
 Compressed Oops: Enabled (32-bit)
 Alignments: Space 512K, Generation 512K, Heap 2M
 Heap Min Capacity: 100M
 Heap Initial Capacity: 100M
 Heap Max Capacity: 512M
 Pre-touch: Disabled
 Parallel Workers: 1

Heap:
 PSYoungGen      total 32256K, used 19637K [0x00000000f5580000, 0x00000000f9f00000, 0x0000000100000000)
  eden space 11264K, 100% used [0x00000000f5580000,0x00000000f6080000,0x00000000f6080000)
  from space 20992K, 39% used [0x00000000f7f80000,0x00000000f87ad7f8,0x00000000f9400000)
  to   space 31744K, 0% used [0x00000000f6080000,0x00000000f6080000,0x00000000f7f80000)
 ParOldGen       total 349696K, used 349695K [0x00000000e0000000, 0x00000000f5580000, 0x00000000f5580000)
  object space 349696K, 99% used [0x00000000e0000000,0x00000000f557ff18,0x00000000f5580000)
 Metaspace       used 58782K, committed 59648K, reserved 1105920K
  class space    used 5822K, committed 6208K, reserved 1048576K

Card table byte_map: [0x00007f74c2f66000,0x00007f74c3067000] _byte_map_base: 0x00007f74c2866000

Marking Bits: (ParMarkBitMap*) 0x00007f74c46b64c0
 Begin Bits: [0x00007f74c1db9000, 0x00007f74c25b9000)
 End Bits:   [0x00007f74c25b9000, 0x00007f74c2db9000)

Polling page: 0x00007f74c3280000

Metaspace:

Usage:
  Non-class:     51.72 MB used.
      Class:      5.69 MB used.
       Both:     57.40 MB used.

Virtual space:
  Non-class space:       56.00 MB reserved,      52.19 MB ( 93%) committed,  7 nodes.
      Class space:        1.00 GB reserved,       6.06 MB ( <1%) committed,  1 nodes.
             Both:        1.05 GB reserved,      58.25 MB (  5%) committed. 

Chunk freelists:
   Non-Class:  3.21 MB
       Class:  1.92 MB
        Both:  5.13 MB

MaxMetaspaceSize: unlimited
CompressedClassSpaceSize: 1.00 GB
Initial GC threshold: 21.00 MB
Current GC threshold: 97.00 MB
CDS: on
MetaspaceReclaimPolicy: balanced
 - commit_granule_bytes: 65536.
 - commit_granule_words: 8192.
 - virtual_space_node_default_size: 1048576.
 - enlarge_chunks_in_place: 1.
 - new_chunks_are_fully_committed: 0.
 - uncommit_free_chunks: 1.
 - use_allocation_guard: 0.
 - handle_deallocations: 1.


Internal statistics:

num_allocs_failed_limit: 6.
num_arena_births: 398.
num_arena_deaths: 72.
num_vsnodes_births: 8.
num_vsnodes_deaths: 0.
num_space_committed: 930.
num_space_uncommitted: 0.
num_chunks_returned_to_freelist: 98.
num_chunks_taken_from_freelist: 2656.
num_chunk_merges: 34.
num_chunk_splits: 1728.
num_chunks_enlarged: 1123.
num_purges: 16.
num_inconsistent_stats: 0.

CodeHeap 'non-profiled nmethods': size=120036Kb used=3017Kb max_used=3017Kb free=117018Kb
 bounds [0x00007f74aaf7a000, 0x00007f74ab27a000, 0x00007f74b24b3000]
CodeHeap 'profiled nmethods': size=120032Kb used=15091Kb max_used=15091Kb free=104940Kb
 bounds [0x00007f74a3a42000, 0x00007f74a4902000, 0x00007f74aaf7a000]
CodeHeap 'non-nmethods': size=5692Kb used=1398Kb max_used=1399Kb free=4293Kb
 bounds [0x00007f74a34b3000, 0x00007f74a3723000, 0x00007f74a3a42000]
 total_blobs=7575 nmethods=6839 adapters=623
 compilation: enabled
              stopped_count=0, restarted_count=0
 full_count=0

JVMCI Events (20 events):
Event: 816.397 Thread 0x00007f74bc0b21b0 compacted oop handles in JVMCI runtime 0 from 72 to 72
Event: 816.397 Thread 0x00007f74bc0b21b0 releasing handles for JVMCI runtime 0: oop handles=72, metadata handles={total=137, live=132, blocks=32}
Event: 816.397 Thread 0x00007f74bc0b21b0 detached from JVMCI runtime 0
Event: 873.310 Thread 0x00007f74bc0b21b0 attached to JVMCI runtime 0
Event: 873.312 Thread 0x00007f74bc0b21b0 created JavaVM[8]@0x00007f746919e340 for JVMCI runtime 0
Event: 874.360 Thread 0x00007f74bc0b21b0 initializing JVMCI runtime 0
Event: 874.360 Thread 0x00007f74bc0b21b0 done waiting for JavaVM references initialization in JVMCI runtime 0
Event: 980.993 Thread 0x00007f74bc0b21b0 initialized JVMCI runtime 0
Event: 989.273 Thread 0x00007f74bc0b21b0 compacted oop handles in JVMCI runtime 0 from 53 to 52
Event: 995.405 Thread 0x00007f74bc0b21b0 detaching from JVMCI runtime 0: releasing idle compiler thread (0 other threads still attached)
Event: 995.405 Thread 0x00007f74bc0b21b0 shutting down HotSpotJVMCIRuntime for JVMCI runtime 0
Event: 995.405 Thread 0x00007f74bc0b21b0 shut down JVMCI runtime 0
Event: 995.407 Thread 0x00007f74bc0b21b0 destroyed JavaVM[8]@0x00007f746919e340 for JVMCI runtime 0
Event: 995.407 Thread 0x00007f74bc0b21b0 compacted oop handles in JVMCI runtime 0 from 58 to 58
Event: 995.407 Thread 0x00007f74bc0b21b0 releasing handles for JVMCI runtime 0: oop handles=58, metadata handles={total=104, live=102, blocks=32}
Event: 995.407 Thread 0x00007f74bc0b21b0 detached from JVMCI runtime 0
Event: 1039.951 Thread 0x00007f74bc0b21b0 attached to JVMCI runtime 0
Event: 1039.953 Thread 0x00007f74bc0b21b0 created JavaVM[9]@0x00007f746919e340 for JVMCI runtime 0
Event: 1039.953 Thread 0x00007f74bc0b21b0 initializing JVMCI runtime 0
Event: 1039.953 Thread 0x00007f74bc0b21b0 done waiting for JavaVM references initialization in JVMCI runtime 0

Compilation events (20 events):
Event: 960.781 Thread 0x00007f74bc0b36c0 9215       3       org.eclipse.jdt.internal.core.SearchableEnvironment::getModuleDescription (85 bytes)
Event: 960.782 Thread 0x00007f74bc0b36c0 nmethod 9215 0x00007f74a48f8510 code [0x00007f74a48f8740, 0x00007f74a48f8f10]
Event: 973.011 Thread 0x00007f74bc0b36c0 9218   !   3       org.eclipse.jdt.internal.core.ExternalFoldersManager::getFolders (196 bytes)
Event: 989.266 Thread 0x00007f74bc0b21b0 nmethod 9208 0x00007f74ab26b010 code [0x00007f74ab26b1a0, 0x00007f74ab26b660]
Event: 989.267 Thread 0x00007f74bc0b21b0 9214       4       java.lang.StringLatin1::trim (76 bytes)
Event: 989.273 Thread 0x00007f74bc0b21b0 nmethod 9214 0x00007f74ab26b890 code [0x00007f74ab26ba20, 0x00007f74ab26bbb0]
Event: 989.273 Thread 0x00007f74bc0b21b0 9216  s    4       java.io.BufferedOutputStream::write (35 bytes)
Event: 992.978 Thread 0x00007f74bc0b21b0 nmethod 9216 0x00007f74ab26bd10 code [0x00007f74ab26bea0, 0x00007f74ab26c130]
Event: 992.979 Thread 0x00007f74bc0b21b0 9217       4       java.io.DataOutputStream::writeUTF (7 bytes)
Event: 994.146 Thread 0x00007f74bc0b21b0 nmethod 9217 0x00007f74ab26c290 code [0x00007f74ab26c420, 0x00007f74ab26c490]
Event: 1002.952 Thread 0x00007f74bc0b36c0 nmethod 9218 0x00007f74a48f9310 code [0x00007f74a48f9700, 0x00007f74a48fd410]
Event: 1002.952 Thread 0x00007f74bc0b36c0 9219       3       org.eclipse.jdt.internal.core.NameLookup$$Lambda$377/0x000000080112f3c0::apply (14 bytes)
Event: 1002.952 Thread 0x00007f74bc0b36c0 nmethod 9219 0x00007f74a48fe190 code [0x00007f74a48fe340, 0x00007f74a48fe8e0]
Event: 1010.174 Thread 0x00007f74bc0b36c0 9221       3       java.nio.charset.CharsetDecoder::onUnmappableCharacter (26 bytes)
Event: 1011.375 Thread 0x00007f74bc0b36c0 nmethod 9221 0x00007f74a48fea10 code [0x00007f74a48febc0, 0x00007f74a48ff020]
Event: 1011.375 Thread 0x00007f74bc0b36c0 9222       3       java.nio.charset.CharsetDecoder::implOnUnmappableCharacter (1 bytes)
Event: 1011.375 Thread 0x00007f74bc0b36c0 nmethod 9222 0x00007f74a423f010 code [0x00007f74a423f1a0, 0x00007f74a423f2b0]
Event: 1039.951 Thread 0x00007f74bc0b21b0 9223       4       org.eclipse.jdt.internal.compiler.util.CharArrayMap::get (38 bytes)
Event: 1041.074 Thread 0x00007f74bc0b36c0 9224       3       org.eclipse.jdt.internal.compiler.lookup.SplitPackageBinding::<init> (45 bytes)
Event: 1041.074 Thread 0x00007f74bc0b36c0 nmethod 9224 0x00007f74a48ff110 code [0x00007f74a48ff320, 0x00007f74a48ff710]

GC Heap History (20 events):
Event: 1081.589 GC heap before
{Heap before GC invocations=1045 (full 857):
 PSYoungGen      total 32256K, used 19638K [0x00000000f5580000, 0x00000000f9f00000, 0x0000000100000000)
  eden space 11264K, 100% used [0x00000000f5580000,0x00000000f6080000,0x00000000f6080000)
  from space 20992K, 39% used [0x00000000f7f80000,0x00000000f87ad908,0x00000000f9400000)
  to   space 31744K, 0% used [0x00000000f6080000,0x00000000f6080000,0x00000000f7f80000)
 ParOldGen       total 349696K, used 349692K [0x00000000e0000000, 0x00000000f5580000, 0x00000000f5580000)
  object space 349696K, 99% used [0x00000000e0000000,0x00000000f557f118,0x00000000f5580000)
 Metaspace       used 58781K, committed 59648K, reserved 1105920K
  class space    used 5821K, committed 6208K, reserved 1048576K
}
Event: 1082.705 GC heap after
{Heap after GC invocations=1045 (full 857):
 PSYoungGen      total 32256K, used 19638K [0x00000000f5580000, 0x00000000f9f00000, 0x0000000100000000)
  eden space 11264K, 100% used [0x00000000f5580000,0x00000000f6080000,0x00000000f6080000)
  from space 20992K, 39% used [0x00000000f7f80000,0x00000000f87ad908,0x00000000f9400000)
  to   space 31744K, 0% used [0x00000000f6080000,0x00000000f6080000,0x00000000f7f80000)
 ParOldGen       total 349696K, used 349690K [0x00000000e0000000, 0x00000000f5580000, 0x00000000f5580000)
  object space 349696K, 99% used [0x00000000e0000000,0x00000000f557eb50,0x00000000f5580000)
 Metaspace       used 58781K, committed 59648K, reserved 1105920K
  class space    used 5821K, committed 6208K, reserved 1048576K
}
Event: 1082.748 GC heap before
{Heap before GC invocations=1046 (full 858):
 PSYoungGen      total 32256K, used 19638K [0x00000000f5580000, 0x00000000f9f00000, 0x0000000100000000)
  eden space 11264K, 100% used [0x00000000f5580000,0x00000000f6080000,0x00000000f6080000)
  from space 20992K, 39% used [0x00000000f7f80000,0x00000000f87ad908,0x00000000f9400000)
  to   space 31744K, 0% used [0x00000000f6080000,0x00000000f6080000,0x00000000f7f80000)
 ParOldGen       total 349696K, used 349692K [0x00000000e0000000, 0x00000000f5580000, 0x00000000f5580000)
  object space 349696K, 99% used [0x00000000e0000000,0x00000000f557f3f8,0x00000000f5580000)
 Metaspace       used 58781K, committed 59648K, reserved 1105920K
  class space    used 5821K, committed 6208K, reserved 1048576K
}
Event: 1083.964 GC heap after
{Heap after GC invocations=1046 (full 858):
 PSYoungGen      total 32256K, used 19638K [0x00000000f5580000, 0x00000000f9f00000, 0x0000000100000000)
  eden space 11264K, 100% used [0x00000000f5580000,0x00000000f6080000,0x00000000f6080000)
  from space 20992K, 39% used [0x00000000f7f80000,0x00000000f87ad908,0x00000000f9400000)
  to   space 31744K, 0% used [0x00000000f6080000,0x00000000f6080000,0x00000000f7f80000)
 ParOldGen       total 349696K, used 349691K [0x00000000e0000000, 0x00000000f5580000, 0x00000000f5580000)
  object space 349696K, 99% used [0x00000000e0000000,0x00000000f557ee90,0x00000000f5580000)
 Metaspace       used 58781K, committed 59648K, reserved 1105920K
  class space    used 5821K, committed 6208K, reserved 1048576K
}
Event: 1083.964 GC heap before
{Heap before GC invocations=1047 (full 859):
 PSYoungGen      total 32256K, used 19638K [0x00000000f5580000, 0x00000000f9f00000, 0x0000000100000000)
  eden space 11264K, 100% used [0x00000000f5580000,0x00000000f6080000,0x00000000f6080000)
  from space 20992K, 39% used [0x00000000f7f80000,0x00000000f87ad908,0x00000000f9400000)
  to   space 31744K, 0% used [0x00000000f6080000,0x00000000f6080000,0x00000000f7f80000)
 ParOldGen       total 349696K, used 349693K [0x00000000e0000000, 0x00000000f5580000, 0x00000000f5580000)
  object space 349696K, 99% used [0x00000000e0000000,0x00000000f557f680,0x00000000f5580000)
 Metaspace       used 58781K, committed 59648K, reserved 1105920K
  class space    used 5821K, committed 6208K, reserved 1048576K
}
Event: 1085.078 GC heap after
{Heap after GC invocations=1047 (full 859):
 PSYoungGen      total 32256K, used 19638K [0x00000000f5580000, 0x00000000f9f00000, 0x0000000100000000)
  eden space 11264K, 100% used [0x00000000f5580000,0x00000000f6080000,0x00000000f6080000)
  from space 20992K, 39% used [0x00000000f7f80000,0x00000000f87ad908,0x00000000f9400000)
  to   space 31744K, 0% used [0x00000000f6080000,0x00000000f6080000,0x00000000f7f80000)
 ParOldGen       total 349696K, used 349693K [0x00000000e0000000, 0x00000000f5580000, 0x00000000f5580000)
  object space 349696K, 99% used [0x00000000e0000000,0x00000000f557f540,0x00000000f5580000)
 Metaspace       used 58781K, committed 59648K, reserved 1105920K
  class space    used 5821K, committed 6208K, reserved 1048576K
}
Event: 1085.078 GC heap before
{Heap before GC invocations=1048 (full 860):
 PSYoungGen      total 32256K, used 19638K [0x00000000f5580000, 0x00000000f9f00000, 0x0000000100000000)
  eden space 11264K, 100% used [0x00000000f5580000,0x00000000f6080000,0x00000000f6080000)
  from space 20992K, 39% used [0x00000000f7f80000,0x00000000f87ad908,0x00000000f9400000)
  to   space 31744K, 0% used [0x00000000f6080000,0x00000000f6080000,0x00000000f7f80000)
 ParOldGen       total 349696K, used 349695K [0x00000000e0000000, 0x00000000f5580000, 0x00000000f5580000)
  object space 349696K, 99% used [0x00000000e0000000,0x00000000f557fcf8,0x00000000f5580000)
 Metaspace       used 58781K, committed 59648K, reserved 1105920K
  class space    used 5821K, committed 6208K, reserved 1048576K
}
Event: 1086.347 GC heap after
{Heap after GC invocations=1048 (full 860):
 PSYoungGen      total 32256K, used 19638K [0x00000000f5580000, 0x00000000f9f00000, 0x0000000100000000)
  eden space 11264K, 99% used [0x00000000f5580000,0x00000000f607fff0,0x00000000f6080000)
  from space 20992K, 39% used [0x00000000f7f80000,0x00000000f87ad908,0x00000000f9400000)
  to   space 31744K, 0% used [0x00000000f6080000,0x00000000f6080000,0x00000000f7f80000)
 ParOldGen       total 349696K, used 349694K [0x00000000e0000000, 0x00000000f5580000, 0x00000000f5580000)
  object space 349696K, 99% used [0x00000000e0000000,0x00000000f557f8b8,0x00000000f5580000)
 Metaspace       used 58781K, committed 59648K, reserved 1105920K
  class space    used 5821K, committed 6208K, reserved 1048576K
}
Event: 1086.348 GC heap before
{Heap before GC invocations=1049 (full 861):
 PSYoungGen      total 32256K, used 19638K [0x00000000f5580000, 0x00000000f9f00000, 0x0000000100000000)
  eden space 11264K, 100% used [0x00000000f5580000,0x00000000f6080000,0x00000000f6080000)
  from space 20992K, 39% used [0x00000000f7f80000,0x00000000f87ad908,0x00000000f9400000)
  to   space 31744K, 0% used [0x00000000f6080000,0x00000000f6080000,0x00000000f7f80000)
 ParOldGen       total 349696K, used 349695K [0x00000000e0000000, 0x00000000f5580000, 0x00000000f5580000)
  object space 349696K, 99% used [0x00000000e0000000,0x00000000f557fff8,0x00000000f5580000)
 Metaspace       used 58781K, committed 59648K, reserved 1105920K
  class space    used 5821K, committed 6208K, reserved 1048576K
}
Event: 1087.574 GC heap after
{Heap after GC invocations=1049 (full 861):
 PSYoungGen      total 32256K, used 19637K [0x00000000f5580000, 0x00000000f9f00000, 0x0000000100000000)
  eden space 11264K, 99% used [0x00000000f5580000,0x00000000f607fff0,0x00000000f6080000)
  from space 20992K, 39% used [0x00000000f7f80000,0x00000000f87ad7f8,0x00000000f9400000)
  to   space 31744K, 0% used [0x00000000f6080000,0x00000000f6080000,0x00000000f7f80000)
 ParOldGen       total 349696K, used 349695K [0x00000000e0000000, 0x00000000f5580000, 0x00000000f5580000)
  object space 349696K, 99% used [0x00000000e0000000,0x00000000f557fc80,0x00000000f5580000)
 Metaspace       used 58781K, committed 59648K, reserved 1105920K
  class space    used 5821K, committed 6208K, reserved 1048576K
}
Event: 1087.575 GC heap before
{Heap before GC invocations=1050 (full 862):
 PSYoungGen      total 32256K, used 19637K [0x00000000f5580000, 0x00000000f9f00000, 0x0000000100000000)
  eden space 11264K, 100% used [0x00000000f5580000,0x00000000f6080000,0x00000000f6080000)
  from space 20992K, 39% used [0x00000000f7f80000,0x00000000f87ad7f8,0x00000000f9400000)
  to   space 31744K, 0% used [0x00000000f6080000,0x00000000f6080000,0x00000000f7f80000)
 ParOldGen       total 349696K, used 349695K [0x00000000e0000000, 0x00000000f5580000, 0x00000000f5580000)
  object space 349696K, 99% used [0x00000000e0000000,0x00000000f557fff8,0x00000000f5580000)
 Metaspace       used 58781K, committed 59648K, reserved 1105920K
  class space    used 5821K, committed 6208K, reserved 1048576K
}
Event: 1088.746 GC heap after
{Heap after GC invocations=1050 (full 862):
 PSYoungGen      total 32256K, used 19637K [0x00000000f5580000, 0x00000000f9f00000, 0x0000000100000000)
  eden space 11264K, 100% used [0x00000000f5580000,0x00000000f6080000,0x00000000f6080000)
  from space 20992K, 39% used [0x00000000f7f80000,0x00000000f87ad7f8,0x00000000f9400000)
  to   space 31744K, 0% used [0x00000000f6080000,0x00000000f6080000,0x00000000f7f80000)
 ParOldGen       total 349696K, used 349695K [0x00000000e0000000, 0x00000000f5580000, 0x00000000f5580000)
  object space 349696K, 99% used [0x00000000e0000000,0x00000000f557fd80,0x00000000f5580000)
 Metaspace       used 58781K, committed 59648K, reserved 1105920K
  class space    used 5821K, committed 6208K, reserved 1048576K
}
Event: 1088.747 GC heap before
{Heap before GC invocations=1051 (full 863):
 PSYoungGen      total 32256K, used 19637K [0x00000000f5580000, 0x00000000f9f00000, 0x0000000100000000)
  eden space 11264K, 100% used [0x00000000f5580000,0x00000000f6080000,0x00000000f6080000)
  from space 20992K, 39% used [0x00000000f7f80000,0x00000000f87ad7f8,0x00000000f9400000)
  to   space 31744K, 0% used [0x00000000f6080000,0x00000000f6080000,0x00000000f7f80000)
 ParOldGen       total 349696K, used 349695K [0x00000000e0000000, 0x00000000f5580000, 0x00000000f5580000)
  object space 349696K, 99% used [0x00000000e0000000,0x00000000f557fe08,0x00000000f5580000)
 Metaspace       used 58781K, committed 59648K, reserved 1105920K
  class space    used 5821K, committed 6208K, reserved 1048576K
}
Event: 1089.773 GC heap after
{Heap after GC invocations=1051 (full 863):
 PSYoungGen      total 32256K, used 19637K [0x00000000f5580000, 0x00000000f9f00000, 0x0000000100000000)
  eden space 11264K, 100% used [0x00000000f5580000,0x00000000f6080000,0x00000000f6080000)
  from space 20992K, 39% used [0x00000000f7f80000,0x00000000f87ad7f8,0x00000000f9400000)
  to   space 31744K, 0% used [0x00000000f6080000,0x00000000f6080000,0x00000000f7f80000)
 ParOldGen       total 349696K, used 349695K [0x00000000e0000000, 0x00000000f5580000, 0x00000000f5580000)
  object space 349696K, 99% used [0x00000000e0000000,0x00000000f557fd78,0x00000000f5580000)
 Metaspace       used 58781K, committed 59648K, reserved 1105920K
  class space    used 5821K, committed 6208K, reserved 1048576K
}
Event: 1089.773 GC heap before
{Heap before GC invocations=1052 (full 864):
 PSYoungGen      total 32256K, used 19637K [0x00000000f5580000, 0x00000000f9f00000, 0x0000000100000000)
  eden space 11264K, 100% used [0x00000000f5580000,0x00000000f6080000,0x00000000f6080000)
  from space 20992K, 39% used [0x00000000f7f80000,0x00000000f87ad7f8,0x00000000f9400000)
  to   space 31744K, 0% used [0x00000000f6080000,0x00000000f6080000,0x00000000f7f80000)
 ParOldGen       total 349696K, used 349695K [0x00000000e0000000, 0x00000000f5580000, 0x00000000f5580000)
  object space 349696K, 99% used [0x00000000e0000000,0x00000000f557fff8,0x00000000f5580000)
 Metaspace       used 58782K, committed 59648K, reserved 1105920K
  class space    used 5822K, committed 6208K, reserved 1048576K
}
Event: 1090.954 GC heap after
{Heap after GC invocations=1052 (full 864):
 PSYoungGen      total 32256K, used 19637K [0x00000000f5580000, 0x00000000f9f00000, 0x0000000100000000)
  eden space 11264K, 100% used [0x00000000f5580000,0x00000000f6080000,0x00000000f6080000)
  from space 20992K, 39% used [0x00000000f7f80000,0x00000000f87ad7f8,0x00000000f9400000)
  to   space 31744K, 0% used [0x00000000f6080000,0x00000000f6080000,0x00000000f7f80000)
 ParOldGen       total 349696K, used 349695K [0x00000000e0000000, 0x00000000f5580000, 0x00000000f5580000)
  object space 349696K, 99% used [0x00000000e0000000,0x00000000f557fe08,0x00000000f5580000)
 Metaspace       used 58782K, committed 59648K, reserved 1105920K
  class space    used 5822K, committed 6208K, reserved 1048576K
}
Event: 1090.954 GC heap before
{Heap before GC invocations=1053 (full 865):
 PSYoungGen      total 32256K, used 19637K [0x00000000f5580000, 0x00000000f9f00000, 0x0000000100000000)
  eden space 11264K, 100% used [0x00000000f5580000,0x00000000f6080000,0x00000000f6080000)
  from space 20992K, 39% used [0x00000000f7f80000,0x00000000f87ad7f8,0x00000000f9400000)
  to   space 31744K, 0% used [0x00000000f6080000,0x00000000f6080000,0x00000000f7f80000)
 ParOldGen       total 349696K, used 349695K [0x00000000e0000000, 0x00000000f5580000, 0x00000000f5580000)
  object space 349696K, 99% used [0x00000000e0000000,0x00000000f557ff60,0x00000000f5580000)
 Metaspace       used 58782K, committed 59648K, reserved 1105920K
  class space    used 5822K, committed 6208K, reserved 1048576K
}
Event: 1092.078 GC heap after
{Heap after GC invocations=1053 (full 865):
 PSYoungGen      total 32256K, used 19637K [0x00000000f5580000, 0x00000000f9f00000, 0x0000000100000000)
  eden space 11264K, 100% used [0x00000000f5580000,0x00000000f6080000,0x00000000f6080000)
  from space 20992K, 39% used [0x00000000f7f80000,0x00000000f87ad7f8,0x00000000f9400000)
  to   space 31744K, 0% used [0x00000000f6080000,0x00000000f6080000,0x00000000f7f80000)
 ParOldGen       total 349696K, used 349695K [0x00000000e0000000, 0x00000000f5580000, 0x00000000f5580000)
  object space 349696K, 99% used [0x00000000e0000000,0x00000000f557fe00,0x00000000f5580000)
 Metaspace       used 58782K, committed 59648K, reserved 1105920K
  class space    used 5822K, committed 6208K, reserved 1048576K
}
Event: 1092.078 GC heap before
{Heap before GC invocations=1054 (full 866):
 PSYoungGen      total 32256K, used 19637K [0x00000000f5580000, 0x00000000f9f00000, 0x0000000100000000)
  eden space 11264K, 100% used [0x00000000f5580000,0x00000000f6080000,0x00000000f6080000)
  from space 20992K, 39% used [0x00000000f7f80000,0x00000000f87ad7f8,0x00000000f9400000)
  to   space 31744K, 0% used [0x00000000f6080000,0x00000000f6080000,0x00000000f7f80000)
 ParOldGen       total 349696K, used 349695K [0x00000000e0000000, 0x00000000f5580000, 0x00000000f5580000)
  object space 349696K, 99% used [0x00000000e0000000,0x00000000f557fe00,0x00000000f5580000)
 Metaspace       used 58782K, committed 59648K, reserved 1105920K
  class space    used 5822K, committed 6208K, reserved 1048576K
}
Event: 1093.358 GC heap after
{Heap after GC invocations=1054 (full 866):
 PSYoungGen      total 32256K, used 19637K [0x00000000f5580000, 0x00000000f9f00000, 0x0000000100000000)
  eden space 11264K, 100% used [0x00000000f5580000,0x00000000f6080000,0x00000000f6080000)
  from space 20992K, 39% used [0x00000000f7f80000,0x00000000f87ad7f8,0x00000000f9400000)
  to   space 31744K, 0% used [0x00000000f6080000,0x00000000f6080000,0x00000000f7f80000)
 ParOldGen       total 349696K, used 349695K [0x00000000e0000000, 0x00000000f5580000, 0x00000000f5580000)
  object space 349696K, 99% used [0x00000000e0000000,0x00000000f557fe00,0x00000000f5580000)
 Metaspace       used 58782K, committed 59648K, reserved 1105920K
  class space    used 5822K, committed 6208K, reserved 1048576K
}

Dll operation events (9 events):
Event: 0.002 Loaded shared library /nix/store/gpxl5qgg8kicmcvivwmybwjlpf7wh20l-graalvm17-ce-22.3.0/lib/libjava.so
Event: 0.008 Loaded shared library /nix/store/gpxl5qgg8kicmcvivwmybwjlpf7wh20l-graalvm17-ce-22.3.0/lib/libjsvml.so
Event: 0.182 Loaded shared library /nix/store/gpxl5qgg8kicmcvivwmybwjlpf7wh20l-graalvm17-ce-22.3.0/lib/libnio.so
Event: 0.186 Loaded shared library /nix/store/gpxl5qgg8kicmcvivwmybwjlpf7wh20l-graalvm17-ce-22.3.0/lib/libjvmcicompiler.so
Event: 0.247 Loaded shared library /nix/store/gpxl5qgg8kicmcvivwmybwjlpf7wh20l-graalvm17-ce-22.3.0/lib/libzip.so
Event: 0.571 Loaded shared library /nix/store/gpxl5qgg8kicmcvivwmybwjlpf7wh20l-graalvm17-ce-22.3.0/lib/libjimage.so
Event: 1.072 Loaded shared library /nix/store/gpxl5qgg8kicmcvivwmybwjlpf7wh20l-graalvm17-ce-22.3.0/lib/libnet.so
Event: 4.362 Loaded shared library /home/runner/.cache/jdt-language-server/config/org.eclipse.equinox.launcher/org.eclipse.equinox.launcher.gtk.linux.x86_64_1.2.400.v20211117-0650/eclipse_11600.so
Event: 12.670 Loaded shared library /nix/store/gpxl5qgg8kicmcvivwmybwjlpf7wh20l-graalvm17-ce-22.3.0/lib/libextnet.so

Deoptimization events (20 events):
Event: 217.374 Thread 0x00007f7434048d70 DEOPT PACKING pc=0x00007f74a478caa3 sp=0x00007f74a04fe3b0
Event: 217.374 Thread 0x00007f7434048d70 DEOPT UNPACKING pc=0x00007f74a3505325 sp=0x00007f74a04fda18 mode 0
Event: 217.381 Thread 0x00007f7434048d70 DEOPT PACKING pc=0x00007f74a478caa3 sp=0x00007f74a04fe3b0
Event: 217.381 Thread 0x00007f7434048d70 DEOPT UNPACKING pc=0x00007f74a3505325 sp=0x00007f74a04fda18 mode 0
Event: 217.448 Thread 0x00007f7434048d70 DEOPT PACKING pc=0x00007f74a478caa3 sp=0x00007f74a04fe3b0
Event: 217.448 Thread 0x00007f7434048d70 DEOPT UNPACKING pc=0x00007f74a3505325 sp=0x00007f74a04fda18 mode 0
Event: 217.449 Thread 0x00007f7434048d70 DEOPT PACKING pc=0x00007f74a478caa3 sp=0x00007f74a04fe3b0
Event: 217.449 Thread 0x00007f7434048d70 DEOPT UNPACKING pc=0x00007f74a3505325 sp=0x00007f74a04fda18 mode 0
Event: 217.450 Thread 0x00007f7434048d70 DEOPT PACKING pc=0x00007f74a478caa3 sp=0x00007f74a04fe3b0
Event: 217.450 Thread 0x00007f7434048d70 DEOPT UNPACKING pc=0x00007f74a3505325 sp=0x00007f74a04fda18 mode 0
Event: 217.454 Thread 0x00007f7434048d70 DEOPT PACKING pc=0x00007f74a478caa3 sp=0x00007f74a04fe3b0
Event: 217.454 Thread 0x00007f7434048d70 DEOPT UNPACKING pc=0x00007f74a3505325 sp=0x00007f74a04fda18 mode 0
Event: 217.457 Thread 0x00007f7434048d70 DEOPT PACKING pc=0x00007f74a478caa3 sp=0x00007f74a04fe3b0
Event: 217.457 Thread 0x00007f7434048d70 DEOPT UNPACKING pc=0x00007f74a3505325 sp=0x00007f74a04fda18 mode 0
Event: 217.464 Thread 0x00007f7434048d70 DEOPT PACKING pc=0x00007f74a478caa3 sp=0x00007f74a04fe3b0
Event: 217.464 Thread 0x00007f7434048d70 DEOPT UNPACKING pc=0x00007f74a3505325 sp=0x00007f74a04fda18 mode 0
Event: 217.472 Thread 0x00007f7434048d70 DEOPT PACKING pc=0x00007f74a478caa3 sp=0x00007f74a04fe3b0
Event: 217.472 Thread 0x00007f7434048d70 DEOPT UNPACKING pc=0x00007f74a3505325 sp=0x00007f74a04fda18 mode 0
Event: 1014.863 Thread 0x00007f74240e0fc0 DEOPT PACKING pc=0x00007f74ab147ae8 sp=0x00007f746aafde30
Event: 1014.863 Thread 0x00007f74240e0fc0 DEOPT UNPACKING pc=0x00007f74a3505325 sp=0x00007f746aafd2b0 mode 1

Classes unloaded (20 events):
Event: 168.792 Thread 0x00007f74bc0a1bf0 Unloading class 0x0000000800d04800 'java/lang/invoke/LambdaForm$MH+0x0000000800d04800'
Event: 172.701 Thread 0x00007f74bc0a1bf0 Unloading class 0x0000000800ef1000 'jdk/internal/reflect/GeneratedConstructorAccessor11'
Event: 172.701 Thread 0x00007f74bc0a1bf0 Unloading class 0x0000000800ef0800 'jdk/internal/reflect/GeneratedConstructorAccessor9'
Event: 172.701 Thread 0x00007f74bc0a1bf0 Unloading class 0x0000000800ef0400 'jdk/internal/reflect/GeneratedConstructorAccessor8'
Event: 172.701 Thread 0x00007f74bc0a1bf0 Unloading class 0x0000000800ef0000 'jdk/internal/reflect/GeneratedConstructorAccessor7'
Event: 178.094 Thread 0x00007f74bc0a1bf0 Unloading class 0x0000000801070800 'java/lang/invoke/LambdaForm$MH+0x0000000801070800'
Event: 178.094 Thread 0x00007f74bc0a1bf0 Unloading class 0x0000000801070400 'java/lang/invoke/LambdaForm$MH+0x0000000801070400'
Event: 178.094 Thread 0x00007f74bc0a1bf0 Unloading class 0x0000000801070000 'java/lang/invoke/LambdaForm$MH+0x0000000801070000'
Event: 178.094 Thread 0x00007f74bc0a1bf0 Unloading class 0x000000080106ec00 'java/lang/invoke/LambdaForm$MH+0x000000080106ec00'
Event: 178.094 Thread 0x00007f74bc0a1bf0 Unloading class 0x000000080106e800 'java/lang/invoke/LambdaForm$MH+0x000000080106e800'
Event: 178.094 Thread 0x00007f74bc0a1bf0 Unloading class 0x000000080106e400 'java/lang/invoke/LambdaForm$MH+0x000000080106e400'
Event: 178.094 Thread 0x00007f74bc0a1bf0 Unloading class 0x0000000800d98400 'java/lang/invoke/LambdaForm$MH+0x0000000800d98400'
Event: 178.094 Thread 0x00007f74bc0a1bf0 Unloading class 0x0000000800d04000 'java/lang/invoke/LambdaForm$MH+0x0000000800d04000'
Event: 183.292 Thread 0x00007f74bc0a1bf0 Unloading class 0x0000000801090000 'jdk/internal/reflect/GeneratedSerializationConstructorAccessor4'
Event: 183.292 Thread 0x00007f74bc0a1bf0 Unloading class 0x000000080108cc00 'jdk/internal/reflect/GeneratedSerializationConstructorAccessor3'
Event: 183.292 Thread 0x00007f74bc0a1bf0 Unloading class 0x000000080108c800 'jdk/internal/reflect/GeneratedSerializationConstructorAccessor2'
Event: 183.292 Thread 0x00007f74bc0a1bf0 Unloading class 0x000000080108c400 'jdk/internal/reflect/GeneratedSerializationConstructorAccessor1'
Event: 189.984 Thread 0x00007f74bc0a1bf0 Unloading class 0x00000008011aa000 'jdk/internal/reflect/GeneratedConstructorAccessor29'
Event: 354.384 Thread 0x00007f74bc0a1bf0 Unloading class 0x0000000800d06800 'jdk/internal/reflect/GeneratedConstructorAccessor40'
Event: 355.740 Thread 0x00007f74bc0a1bf0 Unloading class 0x0000000800d99000 'jdk/internal/reflect/GeneratedConstructorAccessor39'

Classes redefined (0 events):
No events

Internal exceptions (20 events):
Event: 29.560 Thread 0x00007f7430001130 Exception <a 'java/lang/NoSuchMethodError'{0x00000000f5fec030}: 'java.lang.Object java.lang.invoke.DirectMethodHandle$Holder.newInvokeSpecial(java.lang.Object, java.lang.Object, java.lang.Object, int, java.lang.Object)'> (0x00000000f5fec030) 
thrown [src/hotspot/share/interpreter/linkResolver.cpp, line 758]
Event: 29.561 Thread 0x00007f7430001130 Exception <a 'java/lang/NoSuchMethodError'{0x00000000f5ff0d30}: 'java.lang.Object java.lang.invoke.DirectMethodHandle$Holder.invokeSpecial(java.lang.Object, java.lang.Object, java.lang.Object, java.lang.Object, int, java.lang.Object)'> (0x00000000f5ff0d30) 
thrown [src/hotspot/share/interpreter/linkResolver.cpp, line 758]
Event: 29.561 Thread 0x00007f7430001130 Exception <a 'java/lang/NoSuchMethodError'{0x00000000f5ff5368}: 'java.lang.Object java.lang.invoke.Invokers$Holder.linkToTargetMethod(java.lang.Object, java.lang.Object, int, java.lang.Object, java.lang.Object)'> (0x00000000f5ff5368) 
thrown [src/hotspot/share/interpreter/linkResolver.cpp, line 758]
Event: 30.458 Thread 0x00007f742414ba00 Exception <a 'java/lang/NoSuchMethodError'{0x00000000f598bd28}: 'void java.lang.invoke.DirectMethodHandle$Holder.invokeSpecial(java.lang.Object, java.lang.Object, int)'> (0x00000000f598bd28) 
thrown [src/hotspot/share/interpreter/linkResolver.cpp, line 758]
Event: 31.861 Thread 0x00007f742414ba00 Exception <a 'java/lang/NoSuchMethodError'{0x00000000f5aff7c0}: 'int java.lang.invoke.DirectMethodHandle$Holder.invokeSpecialIFC(java.lang.Object, java.lang.Object, java.lang.Object, java.lang.Object)'> (0x00000000f5aff7c0) 
thrown [src/hotspot/share/interpreter/linkResolver.cpp, line 758]
Event: 55.886 Thread 0x00007f74241ab540 Implicit null exception at 0x00007f74ab1ad630 to 0x00007f74ab1ad699
Event: 192.987 Thread 0x00007f7454485180 Exception <a 'java/lang/OutOfMemoryError'{0x00000000e0004b60}> (0x00000000e0004b60) 
thrown [src/hotspot/share/gc/shared/memAllocator.cpp, line 138]
Event: 192.987 Thread 0x00007f7454485180 Implicit null exception at 0x00007f74ab123cb2 to 0x00007f74ab123e9e
Event: 196.464 Thread 0x00007f7454485180 Exception <a 'java/lang/OutOfMemoryError'{0x00000000e0004020}> (0x00000000e0004020) 
thrown [src/hotspot/share/gc/shared/memAllocator.cpp, line 136]
Event: 199.448 Thread 0x00007f74240e97d0 Exception <a 'java/io/FileNotFoundException'{0x00000000f5819ec8}> (0x00000000f5819ec8) 
thrown [src/hotspot/share/prims/jni.cpp, line 516]
Event: 199.683 Thread 0x00007f7434048d70 Implicit null exception at 0x00007f74ab1a602f to 0x00007f74ab1a7034
Event: 200.050 Thread 0x00007f7434048d70 Implicit null exception at 0x00007f74ab11a55e to 0x00007f74ab11bd6f
Event: 200.253 Thread 0x00007f74240e1d80 Exception <a 'java/lang/NoSuchMethodError'{0x00000000f6083490}: 'java.lang.Object java.lang.invoke.DirectMethodHandle$Holder.invokeStatic(java.lang.Object, int, java.lang.Object, java.lang.Object, java.lang.Object, java.lang.Object)'> (0x00000000f6083490) 
thrown [src/hotspot/share/interpreter/linkResolver.cpp, line 758]
Event: 200.255 Thread 0x00007f7434048d70 Exception <a 'sun/nio/fs/UnixException'{0x00000000f60b8e28}> (0x00000000f60b8e28) 
thrown [src/hotspot/share/prims/jni.cpp, line 516]
Event: 200.350 Thread 0x00007f74240e0fc0 Exception <a 'java/lang/NoSuchMethodError'{0x00000000f6227618}: 'void java.lang.invoke.DirectMethodHandle$Holder.invokeVirtual(java.lang.Object, java.lang.Object)'> (0x00000000f6227618) 
thrown [src/hotspot/share/interpreter/linkResolver.cpp, line 758]
Event: 201.148 Thread 0x00007f74240e97d0 Exception <a 'sun/nio/fs/UnixException'{0x00000000f6301110}> (0x00000000f6301110) 
thrown [src/hotspot/share/prims/jni.cpp, line 516]
Event: 1014.863 Thread 0x00007f74240e0fc0 Exception <a 'java/lang/OutOfMemoryError'{0x00000000e0004340}> (0x00000000e0004340) 
thrown [src/hotspot/share/gc/shared/memAllocator.cpp, line 136]
Event: 1068.590 Thread 0x00007f74240e0fc0 Exception <a 'java/lang/OutOfMemoryError'{0x00000000e0004340}> (0x00000000e0004340) 
thrown [src/hotspot/share/gc/shared/memAllocator.cpp, line 136]
Event: 1072.165 Thread 0x00007f74bc1ff4a0 Exception <a 'java/lang/OutOfMemoryError'{0x00000000e0004340}> (0x00000000e0004340) 
thrown [src/hotspot/share/gc/shared/memAllocator.cpp, line 136]
Event: 1093.358 Thread 0x00007f74bc0b21b0 Exception <a 'java/lang/OutOfMemoryError'{0x00000000e0004340}> (0x00000000e0004340) 
thrown [src/hotspot/share/gc/shared/memAllocator.cpp, line 136]

VM Operations (20 events):
Event: 1080.448 Executing VM operation: ParallelGCFailedAllocation
Event: 1081.588 Executing VM operation: ParallelGCFailedAllocation done
Event: 1081.588 Executing VM operation: ParallelGCFailedAllocation
Event: 1082.705 Executing VM operation: ParallelGCFailedAllocation done
Event: 1082.748 Executing VM operation: ParallelGCFailedAllocation
Event: 1083.964 Executing VM operation: ParallelGCFailedAllocation done
Event: 1083.964 Executing VM operation: ParallelGCFailedAllocation
Event: 1085.078 Executing VM operation: ParallelGCFailedAllocation done
Event: 1085.078 Executing VM operation: ParallelGCFailedAllocation
Event: 1086.347 Executing VM operation: ParallelGCFailedAllocation done
Event: 1086.348 Executing VM operation: ParallelGCFailedAllocation
Event: 1087.575 Executing VM operation: ParallelGCFailedAllocation done
Event: 1087.575 Executing VM operation: ParallelGCFailedAllocation
Event: 1088.746 Executing VM operation: ParallelGCFailedAllocation done
Event: 1088.746 Executing VM operation: ParallelGCFailedAllocation
Event: 1089.773 Executing VM operation: ParallelGCFailedAllocation done
Event: 1089.773 Executing VM operation: ParallelGCFailedAllocation
Event: 1090.954 Executing VM operation: ParallelGCFailedAllocation done
Event: 1090.954 Executing VM operation: ParallelGCFailedAllocation
Event: 1093.358 Executing VM operation: ParallelGCFailedAllocation done

Events (20 events):
Event: 513.471 Thread 0x00007f74bc0b4b10 flushing nmethod 0x00007f74a423f010
Event: 513.472 Thread 0x00007f74bc0b4b10 flushing nmethod 0x00007f74a431d910
Event: 513.472 Thread 0x00007f74bc0b4b10 flushing nmethod 0x00007f74a431dc90
Event: 513.472 Thread 0x00007f74bc0b4b10 flushing nmethod 0x00007f74a4327690
Event: 520.599 Thread 0x00007f74240e3590 Thread added: 0x00007f74240e3590
Event: 520.600 Protecting memory [0x00007f746a400000,0x00007f746a404000] with protection modes 0
Event: 584.878 Thread 0x00007f74240de8b0 Thread added: 0x00007f74240de8b0
Event: 584.878 Protecting memory [0x00007f746ac00000,0x00007f746ac04000] with protection modes 0
Event: 699.496 Thread 0x00007f74240e0fc0 Thread added: 0x00007f74240e0fc0
Event: 699.496 Protecting memory [0x00007f746aa00000,0x00007f746aa04000] with protection modes 0
Event: 785.378 Thread 0x00007f742414ef90 Thread added: 0x00007f742414ef90
Event: 785.378 Protecting memory [0x00007f7469900000,0x00007f7469904000] with protection modes 0
Event: 938.449 Thread 0x00007f742414e470 Thread added: 0x00007f742414e470
Event: 938.449 Protecting memory [0x00007f7469b00000,0x00007f7469b04000] with protection modes 0
Event: 976.205 Thread 0x00007f7430001130 Thread added: 0x00007f7430001130
Event: 976.205 Protecting memory [0x00007f74a0a00000,0x00007f74a0a04000] with protection modes 0
Event: 1052.455 loading class java/util/concurrent/CompletionException
Event: 1052.455 Thread 0x00007f7430001130 Thread exited: 0x00007f7430001130
Event: 1052.455 loading class java/util/concurrent/CompletionException done
Event: 1089.773 loading class java/util/concurrent/CancellationException


Dynamic libraries:
e0000000-f5580000 rw-p 00000000 00:00 0 
f5580000-f9f00000 rw-p 00000000 00:00 0 
f9f00000-100000000 ---p 00000000 00:00 0 
800000000-800449000 rw-p 00001000 00:1ccd 9223372037562745673            /nix/store/gpxl5qgg8kicmcvivwmybwjlpf7wh20l-graalvm17-ce-22.3.0/lib/server/classes.jsa
800449000-800bc8000 r--p 0044a000 00:1ccd 9223372037562745673            /nix/store/gpxl5qgg8kicmcvivwmybwjlpf7wh20l-graalvm17-ce-22.3.0/lib/server/classes.jsa
800bc8000-800c00000 ---p 00000000 00:00 0 
800c00000-800c20000 rw-p 00000000 00:00 0 
800c20000-800c40000 rw-p 00000000 00:00 0 
800c40000-800cc0000 rw-p 00000000 00:00 0 
800cc0000-800d00000 rw-p 00000000 00:00 0 
800d00000-800dc0000 rw-p 00000000 00:00 0 
800dc0000-800e00000 rw-p 00000000 00:00 0 
800e00000-800f40000 rw-p 00000000 00:00 0 
800f40000-800ff0000 rw-p 00000000 00:00 0 
800ff0000-801000000 ---p 00000000 00:00 0 
801000000-801220000 rw-p 00000000 00:00 0 
801220000-840c00000 ---p 00000000 00:00 0 
55679198f000-556791990000 r-xp 00000000 00:1ccd 9223372037526805748      /nix/store/gpxl5qgg8kicmcvivwmybwjlpf7wh20l-graalvm17-ce-22.3.0/bin/.java-wrapped
556791991000-556791992000 r--p 00001000 00:1ccd 9223372037526805748      /nix/store/gpxl5qgg8kicmcvivwmybwjlpf7wh20l-graalvm17-ce-22.3.0/bin/.java-wrapped
556791992000-556791993000 rw-p 00002000 00:1ccd 9223372037526805748      /nix/store/gpxl5qgg8kicmcvivwmybwjlpf7wh20l-graalvm17-ce-22.3.0/bin/.java-wrapped
556791993000-556791994000 rw-p 00004000 00:1ccd 9223372037526805748      /nix/store/gpxl5qgg8kicmcvivwmybwjlpf7wh20l-graalvm17-ce-22.3.0/bin/.java-wrapped
556791994000-556791995000 rw-p 00005000 00:1ccd 9223372037526805748      /nix/store/gpxl5qgg8kicmcvivwmybwjlpf7wh20l-graalvm17-ce-22.3.0/bin/.java-wrapped
556791af4000-556791b3c000 rw-p 00000000 00:00 0                          [heap]
7f73dc000000-7f73dc021000 rw-p 00000000 00:00 0 
7f73dc021000-7f73e0000000 ---p 00000000 00:00 0 
7f73e4000000-7f73e4021000 rw-p 00000000 00:00 0 
7f73e4021000-7f73e8000000 ---p 00000000 00:00 0 
7f73e8000000-7f73e803f000 rw-p 00000000 00:00 0 
7f73e803f000-7f73ec000000 ---p 00000000 00:00 0 
7f73ec000000-7f73ec021000 rw-p 00000000 00:00 0 
7f73ec021000-7f73f0000000 ---p 00000000 00:00 0 
7f73f0000000-7f73f0021000 rw-p 00000000 00:00 0 
7f73f0021000-7f73f4000000 ---p 00000000 00:00 0 
7f73f4000000-7f73f4021000 rw-p 00000000 00:00 0 
7f73f4021000-7f73f8000000 ---p 00000000 00:00 0 
7f73f8000000-7f73f802c000 rw-p 00000000 00:00 0 
7f73f802c000-7f73fc000000 ---p 00000000 00:00 0 
7f73fc000000-7f73fc021000 rw-p 00000000 00:00 0 
7f73fc021000-7f7400000000 ---p 00000000 00:00 0 
7f7400000000-7f7400021000 rw-p 00000000 00:00 0 
7f7400021000-7f7404000000 ---p 00000000 00:00 0 
7f7404000000-7f7404029000 rw-p 00000000 00:00 0 
7f7404029000-7f7408000000 ---p 00000000 00:00 0 
7f740c000000-7f740c0c4000 rw-p 00000000 00:00 0 
7f740c0c4000-7f7410000000 ---p 00000000 00:00 0 
7f7411c00000-7f74120d0000 rw-p 00000000 00:00 0 
7f74120d0000-7f7412400000 ---p 00000000 00:00 0 
7f74124b3000-7f741c000000 r--s 00000000 00:1ccd 9223372037562580485      /nix/store/gpxl5qgg8kicmcvivwmybwjlpf7wh20l-graalvm17-ce-22.3.0/lib/modules
7f741c000000-7f741c03a000 rw-p 00000000 00:00 0 
7f741c03a000-7f7420000000 ---p 00000000 00:00 0 
7f7420000000-7f74202a2000 rw-p 00000000 00:00 0 
7f74202a2000-7f7424000000 ---p 00000000 00:00 0 
7f7424000000-7f74241bd000 rw-p 00000000 00:00 0 
7f74241bd000-7f7428000000 ---p 00000000 00:00 0 
7f7428000000-7f7428126000 rw-p 00000000 00:00 0 
7f7428126000-7f742c000000 ---p 00000000 00:00 0 
7f742c000000-7f742c021000 rw-p 00000000 00:00 0 
7f742c021000-7f7430000000 ---p 00000000 00:00 0 
7f7430000000-7f74300e9000 rw-p 00000000 00:00 0 
7f74300e9000-7f7434000000 ---p 00000000 00:00 0 
7f7434000000-7f743405c000 rw-p 00000000 00:00 0 
7f743405c000-7f7438000000 ---p 00000000 00:00 0 
7f7438000000-7f7438021000 rw-p 00000000 00:00 0 
7f7438021000-7f743c000000 ---p 00000000 00:00 0 
7f743c000000-7f743c2fd000 rw-p 00000000 00:00 0 
7f743c2fd000-7f7440000000 ---p 00000000 00:00 0 
7f7440000000-7f74400de000 rw-p 00000000 00:00 0 
7f74400de000-7f7444000000 ---p 00000000 00:00 0 
7f7444000000-7f7444041000 rw-p 00000000 00:00 0 
7f7444041000-7f7448000000 ---p 00000000 00:00 0 
7f7448000000-7f7448021000 rw-p 00000000 00:00 0 
7f7448021000-7f744c000000 ---p 00000000 00:00 0 
7f744c000000-7f744c021000 rw-p 00000000 00:00 0 
7f744c021000-7f7450000000 ---p 00000000 00:00 0 
7f7450800000-7f7450860000 rw-p 00000000 00:00 0 
7f7450860000-7f7450f00000 rw-p 00000000 00:00 0 
7f7450f00000-7f7450f60000 rw-p 00000000 00:00 0 
7f7450f60000-7f7451000000 ---p 00000000 00:00 0 
7f7451000000-7f7451100000 rw-p 00000000 00:00 0 
7f7451100000-7f7451200000 rw-p 00000000 00:00 0 
7f7451200000-7f7451800000 rw-p 00000000 00:00 0 
7f7451800000-7f74518c0000 rw-p 00000000 00:00 0 
7f74518c0000-7f7451900000 rw-p 00000000 00:00 0 
7f7451900000-7f7451b00000 rw-p 00000000 00:00 0 
7f7451b00000-7f7451bc0000 rw-p 00000000 00:00 0 
7f7451bc0000-7f7451c00000 rw-p 00000000 00:00 0 
7f7451c00000-7f7451d00000 rw-p 00000000 00:00 0 
7f7451d00000-7f7451e00000 rw-p 00000000 00:00 0 
7f7451e00000-7f7452000000 rw-p 00000000 00:00 0 
7f7452000000-7f7452100000 rw-p 00000000 00:00 0 
7f7452100000-7f7452200000 rw-p 00000000 00:00 0 
7f7452200000-7f7452780000 rw-p 00000000 00:00 0 
7f7452780000-7f7452800000 rw-p 00000000 00:00 0 
7f7452800000-7f7452900000 rw-p 00000000 00:00 0 
7f7452900000-7f7452a00000 rw-p 00000000 00:00 0 
7f7452a00000-7f7452d00000 rw-p 00000000 00:00 0 
7f7452d00000-7f7452e00000 rw-p 00000000 00:00 0 
7f7452e00000-7f7453000000 rw-p 00000000 00:00 0 
7f7454000000-7f74548ba000 rw-p 00000000 00:00 0 
7f74548ba000-7f7458000000 ---p 00000000 00:00 0 
7f7458000000-7f7458025000 rw-p 00000000 00:00 0 
7f7458025000-7f745c000000 ---p 00000000 00:00 0 
7f745c000000-7f745c021000 rw-p 00000000 00:00 0 
7f745c021000-7f7460000000 ---p 00000000 00:00 0 
7f7460000000-7f7460021000 rw-p 00000000 00:00 0 
7f7460021000-7f7464000000 ---p 00000000 00:00 0 
7f7464000000-7f746403b000 rw-p 00000000 00:00 0 
7f746403b000-7f7468000000 ---p 00000000 00:00 0 
7f7468200000-7f7468210000 r-xp 00000000 00:1cca 353                      /home/runner/.cache/jdt-language-server/config/org.eclipse.equinox.launcher/org.eclipse.equinox.launcher.gtk.linux.x86_64_1.2.400.v20211117-0650/eclipse_11600.so
7f7468210000-7f746840f000 ---p 00010000 00:1cca 353                      /home/runner/.cache/jdt-language-server/config/org.eclipse.equinox.launcher/org.eclipse.equinox.launcher.gtk.linux.x86_64_1.2.400.v20211117-0650/eclipse_11600.so
7f746840f000-7f7468410000 r--p 0000f000 00:1cca 353                      /home/runner/.cache/jdt-language-server/config/org.eclipse.equinox.launcher/org.eclipse.equinox.launcher.gtk.linux.x86_64_1.2.400.v20211117-0650/eclipse_11600.so
7f7468410000-7f7468411000 rw-p 00010000 00:1cca 353                      /home/runner/.cache/jdt-language-server/config/org.eclipse.equinox.launcher/org.eclipse.equinox.launcher.gtk.linux.x86_64_1.2.400.v20211117-0650/eclipse_11600.so
7f7468500000-7f7468600000 ---p 00000000 00:00 0 
7f7468600000-7f7468baf000 r--p 01122000 00:1ccd 9223372037562577944      /nix/store/gpxl5qgg8kicmcvivwmybwjlpf7wh20l-graalvm17-ce-22.3.0/lib/libjvmcicompiler.so
7f7468baf000-7f7468d00000 r--p 00000000 00:00 0 
7f7468d00000-7f7468d3d000 rw-p 00000000 00:00 0 
7f7468d3d000-7f746925d000 rw-p 0185f000 00:1ccd 9223372037562577944      /nix/store/gpxl5qgg8kicmcvivwmybwjlpf7wh20l-graalvm17-ce-22.3.0/lib/libjvmcicompiler.so
7f746925d000-7f7469644000 r--p 01d7f000 00:1ccd 9223372037562577944      /nix/store/gpxl5qgg8kicmcvivwmybwjlpf7wh20l-graalvm17-ce-22.3.0/lib/libjvmcicompiler.so
7f7469700000-7f7469704000 ---p 00000000 00:00 0 
7f7469704000-7f7469800000 rw-p 00000000 00:00 0 
7f7469900000-7f7469904000 ---p 00000000 00:00 0 
7f7469904000-7f7469a00000 rw-p 00000000 00:00 0 
7f7469b00000-7f7469b04000 ---p 00000000 00:00 0 
7f7469b04000-7f7469c00000 rw-p 00000000 00:00 0 
7f7469d00000-7f7469d04000 ---p 00000000 00:00 0 
7f7469d04000-7f7469e00000 rw-p 00000000 00:00 0 
7f7469f00000-7f7469f04000 ---p 00000000 00:00 0 
7f7469f04000-7f746a000000 rw-p 00000000 00:00 0 
7f746a100000-7f746a104000 ---p 00000000 00:00 0 
7f746a104000-7f746a200000 rw-p 00000000 00:00 0 
7f746a300000-7f746a304000 ---p 00000000 00:00 0 
7f746a304000-7f746a400000 rw-p 00000000 00:00 0 
7f746a400000-7f746a404000 ---p 00000000 00:00 0 
7f746a404000-7f746a500000 rw-p 00000000 00:00 0 
7f746a500000-7f746a504000 ---p 00000000 00:00 0 
7f746a504000-7f746a600000 rw-p 00000000 00:00 0 
7f746a600000-7f746a604000 ---p 00000000 00:00 0 
7f746a604000-7f746a700000 rw-p 00000000 00:00 0 
7f746a700000-7f746a704000 ---p 00000000 00:00 0 
7f746a704000-7f746a800000 rw-p 00000000 00:00 0 
7f746a800000-7f746a804000 ---p 00000000 00:00 0 
7f746a804000-7f746a900000 rw-p 00000000 00:00 0 
7f746a900000-7f746a904000 ---p 00000000 00:00 0 
7f746a904000-7f746aa00000 rw-p 00000000 00:00 0 
7f746aa00000-7f746aa04000 ---p 00000000 00:00 0 
7f746aa04000-7f746ab00000 rw-p 00000000 00:00 0 
7f746ab00000-7f746ab04000 ---p 00000000 00:00 0 
7f746ab04000-7f746ac00000 rw-p 00000000 00:00 0 
7f746ac00000-7f746ac04000 ---p 00000000 00:00 0 
7f746ac04000-7f746ad00000 rw-p 00000000 00:00 0 
7f746ad00000-7f746ad04000 ---p 00000000 00:00 0 
7f746ad04000-7f746ae00000 rw-p 00000000 00:00 0 
7f746bba9000-7f746bf00000 rw-p 00000000 00:00 0 
7f746c000000-7f746c021000 rw-p 00000000 00:00 0 
7f746c021000-7f7470000000 ---p 00000000 00:00 0 
7f7470000000-7f7470021000 rw-p 00000000 00:00 0 
7f7470021000-7f7474000000 ---p 00000000 00:00 0 
7f7474000000-7f7474021000 rw-p 00000000 00:00 0 
7f7474021000-7f7478000000 ---p 00000000 00:00 0 
7f7478000000-7f7478021000 rw-p 00000000 00:00 0 
7f7478021000-7f747c000000 ---p 00000000 00:00 0 
7f747c000000-7f747c224000 rw-p 00000000 00:00 0 
7f747c224000-7f7480000000 ---p 00000000 00:00 0 
7f7480000000-7f7480af1000 rw-p 00000000 00:00 0 
7f7480af1000-7f7484000000 ---p 00000000 00:00 0 
7f7484000000-7f7484021000 rw-p 00000000 00:00 0 
7f7484021000-7f7488000000 ---p 00000000 00:00 0 
7f7488000000-7f7488021000 rw-p 00000000 00:00 0 
7f7488021000-7f748c000000 ---p 00000000 00:00 0 
7f748c000000-7f748c021000 rw-p 00000000 00:00 0 
7f748c021000-7f7490000000 ---p 00000000 00:00 0 
7f7490000000-7f7490021000 rw-p 00000000 00:00 0 
7f7490021000-7f7494000000 ---p 00000000 00:00 0 
7f7494000000-7f7494021000 rw-p 00000000 00:00 0 
7f7494021000-7f7498000000 ---p 00000000 00:00 0 
7f7498000000-7f7498021000 rw-p 00000000 00:00 0 
7f7498021000-7f749c000000 ---p 00000000 00:00 0 
7f749c000000-7f749c1e4000 rw-p 00000000 00:00 0 
7f749c1e4000-7f74a0004000 ---p 00000000 00:00 0 
7f74a0004000-7f74a0100000 rw-p 00000000 00:00 0 
7f74a0100000-7f74a0104000 ---p 00000000 00:00 0 
7f74a0104000-7f74a0200000 rw-p 00000000 00:00 0 
7f74a0200000-7f74a0204000 ---p 00000000 00:00 0 
7f74a0204000-7f74a0300000 rw-p 00000000 00:00 0 
7f74a0300000-7f74a0304000 ---p 00000000 00:00 0 
7f74a0304000-7f74a0400000 rw-p 00000000 00:00 0 
7f74a0400000-7f74a0404000 ---p 00000000 00:00 0 
7f74a0404000-7f74a0500000 rw-p 00000000 00:00 0 
7f74a0500000-7f74a0504000 ---p 00000000 00:00 0 
7f74a0504000-7f74a0600000 rw-p 00000000 00:00 0 
7f74a0600000-7f74a0604000 ---p 00000000 00:00 0 
7f74a0604000-7f74a0700000 rw-p 00000000 00:00 0 
7f74a0700000-7f74a0704000 ---p 00000000 00:00 0 
7f74a0704000-7f74a0800000 rw-p 00000000 00:00 0 
7f74a0800000-7f74a0804000 ---p 00000000 00:00 0 
7f74a0804000-7f74a0900000 rw-p 00000000 00:00 0 
7f74a0900000-7f74a0904000 ---p 00000000 00:00 0 
7f74a0904000-7f74a0a00000 rw-p 00000000 00:00 0 
7f74a0a00000-7f74a0a04000 ---p 00000000 00:00 0 
7f74a0a04000-7f74a0b00000 rw-p 00000000 00:00 0 
7f74a0b00000-7f74a0b04000 ---p 00000000 00:00 0 
7f74a0b04000-7f74a0c00000 rw-p 00000000 00:00 0 
7f74a0c00000-7f74a2d6a000 r-xp 00000000 00:1ccd 9223372037562577944      /nix/store/gpxl5qgg8kicmcvivwmybwjlpf7wh20l-graalvm17-ce-22.3.0/lib/libjvmcicompiler.so
7f74a2d6a000-7f74a2f69000 ---p 0216a000 00:1ccd 9223372037562577944      /nix/store/gpxl5qgg8kicmcvivwmybwjlpf7wh20l-graalvm17-ce-22.3.0/lib/libjvmcicompiler.so
7f74a2f69000-7f74a2f6a000 r--p 02169000 00:1ccd 9223372037562577944      /nix/store/gpxl5qgg8kicmcvivwmybwjlpf7wh20l-graalvm17-ce-22.3.0/lib/libjvmcicompiler.so
7f74a2f6a000-7f74a2f6c000 rw-p 0216a000 00:1ccd 9223372037562577944      /nix/store/gpxl5qgg8kicmcvivwmybwjlpf7wh20l-graalvm17-ce-22.3.0/lib/libjvmcicompiler.so
7f74a2f6c000-7f74a2f6d000 rw-p 00000000 00:00 0 
7f74a2f6d000-7f74a2f72000 rw-p 023c3000 00:1ccd 9223372037562577944      /nix/store/gpxl5qgg8kicmcvivwmybwjlpf7wh20l-graalvm17-ce-22.3.0/lib/libjvmcicompiler.so
7f74a2fb1000-7f74a2fb2000 ---p 00000000 00:00 0 
7f74a2fb2000-7f74a30b3000 rw-p 00000000 00:00 0 
7f74a30b3000-7f74a30b7000 ---p 00000000 00:00 0 
7f74a30b7000-7f74a31b3000 rw-p 00000000 00:00 0 
7f74a31b3000-7f74a31b7000 ---p 00000000 00:00 0 
7f74a31b7000-7f74a32b3000 rw-p 00000000 00:00 0 
7f74a32b3000-7f74a32b7000 ---p 00000000 00:00 0 
7f74a32b7000-7f74a34b3000 rw-p 00000000 00:00 0 
7f74a34b3000-7f74a3723000 rwxp 00000000 00:00 0 
7f74a3723000-7f74a3a42000 ---p 00000000 00:00 0 
7f74a3a42000-7f74a4902000 rwxp 00000000 00:00 0 
7f74a4902000-7f74aaf7a000 ---p 00000000 00:00 0 
7f74aaf7a000-7f74ab27a000 rwxp 00000000 00:00 0 
7f74ab27a000-7f74b24b3000 ---p 00000000 00:00 0 
7f74b24b3000-7f74bc000000 r--s 00000000 00:1ccd 9223372037562580485      /nix/store/gpxl5qgg8kicmcvivwmybwjlpf7wh20l-graalvm17-ce-22.3.0/lib/modules
7f74bc000000-7f74bc642000 rw-p 00000000 00:00 0 
7f74bc642000-7f74c0000000 ---p 00000000 00:00 0 
7f74c0018000-7f74c001c000 ---p 00000000 00:00 0 
7f74c001c000-7f74c0118000 rw-p 00000000 00:00 0 
7f74c0118000-7f74c011c000 ---p 00000000 00:00 0 
7f74c011c000-7f74c0318000 rw-p 00000000 00:00 0 
7f74c0318000-7f74c031c000 ---p 00000000 00:00 0 
7f74c031c000-7f74c0418000 rw-p 00000000 00:00 0 
7f74c0418000-7f74c041c000 ---p 00000000 00:00 0 
7f74c041c000-7f74c0518000 rw-p 00000000 00:00 0 
7f74c0518000-7f74c051c000 ---p 00000000 00:00 0 
7f74c051c000-7f74c0618000 rw-p 00000000 00:00 0 
7f74c0618000-7f74c08fe000 r--p 00000000 00:1cbc 28444448                 /usr/lib/locale/locale-archive
7f74c08fe000-7f74c0902000 ---p 00000000 00:00 0 
7f74c0902000-7f74c09fe000 rw-p 00000000 00:00 0 
7f74c09fe000-7f74c0a02000 ---p 00000000 00:00 0 
7f74c0a02000-7f74c0afe000 rw-p 00000000 00:00 0 
7f74c0afe000-7f74c0aff000 ---p 00000000 00:00 0 
7f74c0aff000-7f74c1000000 rw-p 00000000 00:00 0 
7f74c1000000-7f74c1300000 rw-p 00000000 00:00 0 
7f74c1300000-7f74c1400000 rw-p 00000000 00:00 0 
7f74c1454000-7f74c1456000 r-xp 00000000 00:1ccd 9223372037562577921      /nix/store/gpxl5qgg8kicmcvivwmybwjlpf7wh20l-graalvm17-ce-22.3.0/lib/libextnet.so
7f74c1456000-7f74c1457000 r--p 00001000 00:1ccd 9223372037562577921      /nix/store/gpxl5qgg8kicmcvivwmybwjlpf7wh20l-graalvm17-ce-22.3.0/lib/libextnet.so
7f74c1457000-7f74c1458000 rw-p 00002000 00:1ccd 9223372037562577921      /nix/store/gpxl5qgg8kicmcvivwmybwjlpf7wh20l-graalvm17-ce-22.3.0/lib/libextnet.so
7f74c1458000-7f74c1459000 rw-p 00004000 00:1ccd 9223372037562577921      /nix/store/gpxl5qgg8kicmcvivwmybwjlpf7wh20l-graalvm17-ce-22.3.0/lib/libextnet.so
7f74c1459000-7f74c145d000 ---p 00000000 00:00 0 
7f74c145d000-7f74c147b000 rw-p 00000000 00:00 0 
7f74c147b000-7f74c1482000 r-xp 00000000 00:1ccd 9223372037562580484      /nix/store/gpxl5qgg8kicmcvivwmybwjlpf7wh20l-graalvm17-ce-22.3.0/lib/libzip.so
7f74c1482000-7f74c1483000 ---p 00007000 00:1ccd 9223372037562580484      /nix/store/gpxl5qgg8kicmcvivwmybwjlpf7wh20l-graalvm17-ce-22.3.0/lib/libzip.so
7f74c1483000-7f74c1484000 r--p 00007000 00:1ccd 9223372037562580484      /nix/store/gpxl5qgg8kicmcvivwmybwjlpf7wh20l-graalvm17-ce-22.3.0/lib/libzip.so
7f74c1484000-7f74c1485000 rw-p 00008000 00:1ccd 9223372037562580484      /nix/store/gpxl5qgg8kicmcvivwmybwjlpf7wh20l-graalvm17-ce-22.3.0/lib/libzip.so
7f74c1485000-7f74c1487000 rw-p 0000b000 00:1ccd 9223372037562580484      /nix/store/gpxl5qgg8kicmcvivwmybwjlpf7wh20l-graalvm17-ce-22.3.0/lib/libzip.so
7f74c1487000-7f74c149c000 r-xp 00000000 00:1ccd 9223372037562580474      /nix/store/gpxl5qgg8kicmcvivwmybwjlpf7wh20l-graalvm17-ce-22.3.0/lib/libnet.so
7f74c149c000-7f74c149d000 ---p 00015000 00:1ccd 9223372037562580474      /nix/store/gpxl5qgg8kicmcvivwmybwjlpf7wh20l-graalvm17-ce-22.3.0/lib/libnet.so
7f74c149d000-7f74c149e000 r--p 00015000 00:1ccd 9223372037562580474      /nix/store/gpxl5qgg8kicmcvivwmybwjlpf7wh20l-graalvm17-ce-22.3.0/lib/libnet.so
7f74c149e000-7f74c149f000 rw-p 00016000 00:1ccd 9223372037562580474      /nix/store/gpxl5qgg8kicmcvivwmybwjlpf7wh20l-graalvm17-ce-22.3.0/lib/libnet.so
7f74c149f000-7f74c14a2000 rw-p 0001b000 00:1ccd 9223372037562580474      /nix/store/gpxl5qgg8kicmcvivwmybwjlpf7wh20l-graalvm17-ce-22.3.0/lib/libnet.so
7f74c14a2000-7f74c14b5000 r-xp 00000000 00:1ccd 9223372037562580475      /nix/store/gpxl5qgg8kicmcvivwmybwjlpf7wh20l-graalvm17-ce-22.3.0/lib/libnio.so
7f74c14b5000-7f74c14b6000 r--p 00012000 00:1ccd 9223372037562580475      /nix/store/gpxl5qgg8kicmcvivwmybwjlpf7wh20l-graalvm17-ce-22.3.0/lib/libnio.so
7f74c14b6000-7f74c14b7000 rw-p 00013000 00:1ccd 9223372037562580475      /nix/store/gpxl5qgg8kicmcvivwmybwjlpf7wh20l-graalvm17-ce-22.3.0/lib/libnio.so
7f74c14b7000-7f74c14bc000 rw-p 00019000 00:1ccd 9223372037562580475      /nix/store/gpxl5qgg8kicmcvivwmybwjlpf7wh20l-graalvm17-ce-22.3.0/lib/libnio.so
7f74c14bc000-7f74c158a000 r-xp 00000000 00:1ccd 9223372037562577940      /nix/store/gpxl5qgg8kicmcvivwmybwjlpf7wh20l-graalvm17-ce-22.3.0/lib/libjsvml.so
7f74c158a000-7f74c158b000 r--p 000cd000 00:1ccd 9223372037562577940      /nix/store/gpxl5qgg8kicmcvivwmybwjlpf7wh20l-graalvm17-ce-22.3.0/lib/libjsvml.so
7f74c158b000-7f74c158c000 rw-p 000ce000 00:1ccd 9223372037562577940      /nix/store/gpxl5qgg8kicmcvivwmybwjlpf7wh20l-graalvm17-ce-22.3.0/lib/libjsvml.so
7f74c158c000-7f74c2e64000 rw-p 00000000 00:00 0 
7f74c2e64000-7f74c2e65000 ---p 00000000 00:00 0 
7f74c2e65000-7f74c3010000 rw-p 00000000 00:00 0 
7f74c3010000-7f74c3036000 rw-p 00000000 00:00 0 
7f74c3036000-7f74c3066000 ---p 00000000 00:00 0 
7f74c3066000-7f74c306d000 rw-p 00000000 00:00 0 
7f74c306d000-7f74c3152000 ---p 00000000 00:00 0 
7f74c3152000-7f74c3170000 rw-p 00000000 00:00 0 
7f74c3170000-7f74c323d000 ---p 00000000 00:00 0 
7f74c323d000-7f74c3242000 rw-p 00000000 00:00 0 
7f74c3242000-7f74c3249000 ---p 00000000 00:00 0 
7f74c3249000-7f74c326d000 r-xp 00000000 00:1ccd 9223372037562577932      /nix/store/gpxl5qgg8kicmcvivwmybwjlpf7wh20l-graalvm17-ce-22.3.0/lib/libjava.so
7f74c326d000-7f74c326e000 ---p 00024000 00:1ccd 9223372037562577932      /nix/store/gpxl5qgg8kicmcvivwmybwjlpf7wh20l-graalvm17-ce-22.3.0/lib/libjava.so
7f74c326e000-7f74c326f000 r--p 00024000 00:1ccd 9223372037562577932      /nix/store/gpxl5qgg8kicmcvivwmybwjlpf7wh20l-graalvm17-ce-22.3.0/lib/libjava.so
7f74c326f000-7f74c3270000 rw-p 00025000 00:1ccd 9223372037562577932      /nix/store/gpxl5qgg8kicmcvivwmybwjlpf7wh20l-graalvm17-ce-22.3.0/lib/libjava.so
7f74c3270000-7f74c3271000 rw-p 00000000 00:00 0 
7f74c3271000-7f74c3278000 rw-p 0002f000 00:1ccd 9223372037562577932      /nix/store/gpxl5qgg8kicmcvivwmybwjlpf7wh20l-graalvm17-ce-22.3.0/lib/libjava.so
7f74c3278000-7f74c3280000 rw-s 00000000 00:a7f 350                       /tmp/hsperfdata_runner/31
7f74c3280000-7f74c3281000 ---p 00000000 00:00 0 
7f74c3281000-7f74c3282000 r--p 00000000 00:00 0 
7f74c3282000-7f74c3283000 rwxp 00000000 00:00 0 
7f74c3283000-7f74c329e000 r-xp 00000000 00:1ccd 9223372037562577936      /nix/store/gpxl5qgg8kicmcvivwmybwjlpf7wh20l-graalvm17-ce-22.3.0/lib/libjimage.so
7f74c329e000-7f74c329f000 ---p 0001b000 00:1ccd 9223372037562577936      /nix/store/gpxl5qgg8kicmcvivwmybwjlpf7wh20l-graalvm17-ce-22.3.0/lib/libjimage.so
7f74c329f000-7f74c32a1000 r--p 0001b000 00:1ccd 9223372037562577936      /nix/store/gpxl5qgg8kicmcvivwmybwjlpf7wh20l-graalvm17-ce-22.3.0/lib/libjimage.so
7f74c32a1000-7f74c32a2000 rw-p 0001d000 00:1ccd 9223372037562577936      /nix/store/gpxl5qgg8kicmcvivwmybwjlpf7wh20l-graalvm17-ce-22.3.0/lib/libjimage.so
7f74c32a2000-7f74c32a3000 rw-p 00024000 00:1ccd 9223372037562577936      /nix/store/gpxl5qgg8kicmcvivwmybwjlpf7wh20l-graalvm17-ce-22.3.0/lib/libjimage.so
7f74c32a3000-7f74c32a7000 ---p 00000000 00:00 0 
7f74c32a7000-7f74c33a3000 rw-p 00000000 00:00 0 
7f74c33a3000-7f74c33b1000 r--p 00000000 00:1ccd 9223372037455367831      /nix/store/4nlgxhb09sdr51nc9hdm8az5b08vzkgx-glibc-2.35-163/lib/libm.so.6
7f74c33b1000-7f74c3424000 r-xp 0000e000 00:1ccd 9223372037455367831      /nix/store/4nlgxhb09sdr51nc9hdm8az5b08vzkgx-glibc-2.35-163/lib/libm.so.6
7f74c3424000-7f74c3481000 r--p 00081000 00:1ccd 9223372037455367831      /nix/store/4nlgxhb09sdr51nc9hdm8az5b08vzkgx-glibc-2.35-163/lib/libm.so.6
7f74c3481000-7f74c3482000 r--p 000dd000 00:1ccd 9223372037455367831      /nix/store/4nlgxhb09sdr51nc9hdm8az5b08vzkgx-glibc-2.35-163/lib/libm.so.6
7f74c3482000-7f74c3483000 rw-p 000de000 00:1ccd 9223372037455367831      /nix/store/4nlgxhb09sdr51nc9hdm8az5b08vzkgx-glibc-2.35-163/lib/libm.so.6
7f74c3483000-7f74c3484000 r--p 00000000 00:1ccd 9223372037455367850      /nix/store/4nlgxhb09sdr51nc9hdm8az5b08vzkgx-glibc-2.35-163/lib/librt.so.1
7f74c3484000-7f74c3485000 r-xp 00001000 00:1ccd 9223372037455367850      /nix/store/4nlgxhb09sdr51nc9hdm8az5b08vzkgx-glibc-2.35-163/lib/librt.so.1
7f74c3485000-7f74c3486000 r--p 00002000 00:1ccd 9223372037455367850      /nix/store/4nlgxhb09sdr51nc9hdm8az5b08vzkgx-glibc-2.35-163/lib/librt.so.1
7f74c3486000-7f74c3487000 r--p 00002000 00:1ccd 9223372037455367850      /nix/store/4nlgxhb09sdr51nc9hdm8az5b08vzkgx-glibc-2.35-163/lib/librt.so.1
7f74c3487000-7f74c3488000 rw-p 00003000 00:1ccd 9223372037455367850      /nix/store/4nlgxhb09sdr51nc9hdm8az5b08vzkgx-glibc-2.35-163/lib/librt.so.1
7f74c3488000-7f74c459b000 r-xp 00000000 00:1ccd 9223372037562748770      /nix/store/gpxl5qgg8kicmcvivwmybwjlpf7wh20l-graalvm17-ce-22.3.0/lib/server/libjvm.so
7f74c459b000-7f74c459c000 ---p 01113000 00:1ccd 9223372037562748770      /nix/store/gpxl5qgg8kicmcvivwmybwjlpf7wh20l-graalvm17-ce-22.3.0/lib/server/libjvm.so
7f74c459c000-7f74c4651000 r--p 01113000 00:1ccd 9223372037562748770      /nix/store/gpxl5qgg8kicmcvivwmybwjlpf7wh20l-graalvm17-ce-22.3.0/lib/server/libjvm.so
7f74c4651000-7f74c4685000 rw-p 011c8000 00:1ccd 9223372037562748770      /nix/store/gpxl5qgg8kicmcvivwmybwjlpf7wh20l-graalvm17-ce-22.3.0/lib/server/libjvm.so
7f74c4685000-7f74c46e1000 rw-p 00000000 00:00 0 
7f74c46e1000-7f74c4709000 r--p 00000000 00:1ccd 9223372037455367822      /nix/store/4nlgxhb09sdr51nc9hdm8az5b08vzkgx-glibc-2.35-163/lib/libc.so.6
7f74c4709000-7f74c487f000 r-xp 00028000 00:1ccd 9223372037455367822      /nix/store/4nlgxhb09sdr51nc9hdm8az5b08vzkgx-glibc-2.35-163/lib/libc.so.6
7f74c487f000-7f74c48d7000 r--p 0019e000 00:1ccd 9223372037455367822      /nix/store/4nlgxhb09sdr51nc9hdm8az5b08vzkgx-glibc-2.35-163/lib/libc.so.6
7f74c48d7000-7f74c48db000 r--p 001f6000 00:1ccd 9223372037455367822      /nix/store/4nlgxhb09sdr51nc9hdm8az5b08vzkgx-glibc-2.35-163/lib/libc.so.6
7f74c48db000-7f74c48dd000 rw-p 001fa000 00:1ccd 9223372037455367822      /nix/store/4nlgxhb09sdr51nc9hdm8az5b08vzkgx-glibc-2.35-163/lib/libc.so.6
7f74c48dd000-7f74c48ec000 rw-p 00000000 00:00 0 
7f74c48ec000-7f74c48ed000 r--p 00000000 00:1ccd 9223372037455367827      /nix/store/4nlgxhb09sdr51nc9hdm8az5b08vzkgx-glibc-2.35-163/lib/libdl.so.2
7f74c48ed000-7f74c48ee000 r-xp 00001000 00:1ccd 9223372037455367827      /nix/store/4nlgxhb09sdr51nc9hdm8az5b08vzkgx-glibc-2.35-163/lib/libdl.so.2
7f74c48ee000-7f74c48ef000 r--p 00002000 00:1ccd 9223372037455367827      /nix/store/4nlgxhb09sdr51nc9hdm8az5b08vzkgx-glibc-2.35-163/lib/libdl.so.2
7f74c48ef000-7f74c48f0000 r--p 00002000 00:1ccd 9223372037455367827      /nix/store/4nlgxhb09sdr51nc9hdm8az5b08vzkgx-glibc-2.35-163/lib/libdl.so.2
7f74c48f0000-7f74c48f1000 rw-p 00003000 00:1ccd 9223372037455367827      /nix/store/4nlgxhb09sdr51nc9hdm8az5b08vzkgx-glibc-2.35-163/lib/libdl.so.2
7f74c48f1000-7f74c48f2000 r--p 00000000 00:1ccd 9223372037455367846      /nix/store/4nlgxhb09sdr51nc9hdm8az5b08vzkgx-glibc-2.35-163/lib/libpthread.so.0
7f74c48f2000-7f74c48f3000 r-xp 00001000 00:1ccd 9223372037455367846      /nix/store/4nlgxhb09sdr51nc9hdm8az5b08vzkgx-glibc-2.35-163/lib/libpthread.so.0
7f74c48f3000-7f74c48f4000 r--p 00002000 00:1ccd 9223372037455367846      /nix/store/4nlgxhb09sdr51nc9hdm8az5b08vzkgx-glibc-2.35-163/lib/libpthread.so.0
7f74c48f4000-7f74c48f5000 r--p 00002000 00:1ccd 9223372037455367846      /nix/store/4nlgxhb09sdr51nc9hdm8az5b08vzkgx-glibc-2.35-163/lib/libpthread.so.0
7f74c48f5000-7f74c48f6000 rw-p 00003000 00:1ccd 9223372037455367846      /nix/store/4nlgxhb09sdr51nc9hdm8az5b08vzkgx-glibc-2.35-163/lib/libpthread.so.0
7f74c48f6000-7f74c4904000 r-xp 00000000 00:1ccd 9223372037562577937      /nix/store/gpxl5qgg8kicmcvivwmybwjlpf7wh20l-graalvm17-ce-22.3.0/lib/libjli.so
7f74c4904000-7f74c4905000 ---p 0000e000 00:1ccd 9223372037562577937      /nix/store/gpxl5qgg8kicmcvivwmybwjlpf7wh20l-graalvm17-ce-22.3.0/lib/libjli.so
7f74c4905000-7f74c4906000 r--p 0000e000 00:1ccd 9223372037562577937      /nix/store/gpxl5qgg8kicmcvivwmybwjlpf7wh20l-graalvm17-ce-22.3.0/lib/libjli.so
7f74c4906000-7f74c4907000 rw-p 0000f000 00:1ccd 9223372037562577937      /nix/store/gpxl5qgg8kicmcvivwmybwjlpf7wh20l-graalvm17-ce-22.3.0/lib/libjli.so
7f74c4907000-7f74c4908000 rw-p 00012000 00:1ccd 9223372037562577937      /nix/store/gpxl5qgg8kicmcvivwmybwjlpf7wh20l-graalvm17-ce-22.3.0/lib/libjli.so
7f74c4908000-7f74c490b000 r--p 00000000 00:1ccd 9223372037533597975      /nix/store/026hln0aq1hyshaxsdvhg0kmcm6yf45r-zlib-1.2.13/lib/libz.so.1.2.13
7f74c490b000-7f74c491d000 r-xp 00003000 00:1ccd 9223372037533597975      /nix/store/026hln0aq1hyshaxsdvhg0kmcm6yf45r-zlib-1.2.13/lib/libz.so.1.2.13
7f74c491d000-7f74c4924000 r--p 00015000 00:1ccd 9223372037533597975      /nix/store/026hln0aq1hyshaxsdvhg0kmcm6yf45r-zlib-1.2.13/lib/libz.so.1.2.13
7f74c4924000-7f74c4925000 r--p 0001b000 00:1ccd 9223372037533597975      /nix/store/026hln0aq1hyshaxsdvhg0kmcm6yf45r-zlib-1.2.13/lib/libz.so.1.2.13
7f74c4925000-7f74c4926000 rw-p 0001c000 00:1ccd 9223372037533597975      /nix/store/026hln0aq1hyshaxsdvhg0kmcm6yf45r-zlib-1.2.13/lib/libz.so.1.2.13
7f74c4926000-7f74c4928000 rw-p 00000000 00:00 0 
7f74c4928000-7f74c492a000 r--p 00000000 00:1ccd 9223372037455367816      /nix/store/4nlgxhb09sdr51nc9hdm8az5b08vzkgx-glibc-2.35-163/lib/ld-linux-x86-64.so.2
7f74c492a000-7f74c4951000 r-xp 00002000 00:1ccd 9223372037455367816      /nix/store/4nlgxhb09sdr51nc9hdm8az5b08vzkgx-glibc-2.35-163/lib/ld-linux-x86-64.so.2
7f74c4951000-7f74c495d000 r--p 00029000 00:1ccd 9223372037455367816      /nix/store/4nlgxhb09sdr51nc9hdm8az5b08vzkgx-glibc-2.35-163/lib/ld-linux-x86-64.so.2
7f74c495d000-7f74c495f000 r--p 00034000 00:1ccd 9223372037455367816      /nix/store/4nlgxhb09sdr51nc9hdm8az5b08vzkgx-glibc-2.35-163/lib/ld-linux-x86-64.so.2
7f74c495f000-7f74c4961000 rw-p 00036000 00:1ccd 9223372037455367816      /nix/store/4nlgxhb09sdr51nc9hdm8az5b08vzkgx-glibc-2.35-163/lib/ld-linux-x86-64.so.2
7ffcad023000-7ffcad047000 rw-p 00000000 00:00 0                          [stack]
7ffcad0a0000-7ffcad0a4000 r--p 00000000 00:00 0                          [vvar]
7ffcad0a4000-7ffcad0a6000 r-xp 00000000 00:00 0                          [vdso]
ffffffffff600000-ffffffffff601000 --xp 00000000 00:00 0                  [vsyscall]


VM Arguments:
jvm_args: -XX:ThreadPriorityPolicy=1 -XX:+UnlockExperimentalVMOptions -XX:+EnableJVMCIProduct -XX:JVMCIThreadsPerNativeLibraryRuntime=1 -XX:-UnlockExperimentalVMOptions -Declipse.application=org.eclipse.jdt.ls.core.id1 -Dosgi.bundles.defaultStartLevel=4 -Declipse.product=org.eclipse.jdt.ls.core.product -Dlog.level=ALL -Xverify:none -XX:+UseParallelGC -XX:GCTimeRatio=4 -XX:AdaptiveSizePolicyWeight=90 -Dsun.zip.disableMemoryMapping=true -Xmx512m -Xms100m 
java_command: /nix/store/m6gcpi1ii6rghy04cjwjddcavv7i90df-jdt-language-server-1.9.0/share/java/plugins/org.eclipse.equinox.launcher_1.6.400.v20210924-0641.jar --add-modules=ALL-SYSTEM --add-opens java.base/java.util=ALL-UNNAMED --add-opens java.base/java.lang=ALL-UNNAMED -configuration /home/runner/.cache/jdt-language-server/config -data /home/runner/.cache/jdt-language-server/data/home/runner/Zoo
java_class_path (initial): /nix/store/m6gcpi1ii6rghy04cjwjddcavv7i90df-jdt-language-server-1.9.0/share/java/plugins/org.eclipse.equinox.launcher_1.6.400.v20210924-0641.jar
Launcher Type: SUN_STANDARD

[Global flags]
    uintx AdaptiveSizePolicyWeight                 = 90                                        {product} {command line}
     intx CICompilerCount                          = 2                                         {product} {ergonomic}
     bool EnableJVMCIProduct                       = true                                {JVMCI product} {jimage}
    uintx GCTimeRatio                              = 4                                         {product} {command line}
   size_t InitialHeapSize                          = 104857600                                 {product} {command line}
     uint JVMCIThreadsPerNativeLibraryRuntime      = 1                                   {JVMCI product} {jimage}
   size_t MaxHeapSize                              = 536870912                                 {product} {command line}
   size_t MaxNewSize                               = 178782208                                 {product} {ergonomic}
   size_t MinHeapDeltaBytes                        = 524288                                    {product} {ergonomic}
   size_t MinHeapSize                              = 104857600                                 {product} {command line}
   size_t NewSize                                  = 34603008                                  {product} {ergonomic}
    uintx NonNMethodCodeHeapSize                   = 5826188                                {pd product} {ergonomic}
    uintx NonProfiledCodeHeapSize                  = 122916026                              {pd product} {ergonomic}
   size_t OldSize                                  = 70254592                                  {product} {ergonomic}
    uintx ProfiledCodeHeapSize                     = 122916026                              {pd product} {ergonomic}
    uintx ReservedCodeCacheSize                    = 251658240                              {pd product} {ergonomic}
     bool SegmentedCodeCache                       = true                                      {product} {ergonomic}
   size_t SoftMaxHeapSize                          = 536870912                              {manageable} {ergonomic}
     intx ThreadPriorityPolicy                     = 1                                         {product} {jimage}
     bool UseCompressedClassPointers               = true                           {product lp64_product} {ergonomic}
     bool UseCompressedOops                        = true                           {product lp64_product} {ergonomic}
     bool UseParallelGC                            = true                                      {product} {command line}

Logging:
Log output configuration:
 #0: stdout all=warning uptime,level,tags
 #1: stderr all=off uptime,level,tags

Environment Variables:
JAVA_HOME=/nix/store/gpxl5qgg8kicmcvivwmybwjlpf7wh20l-graalvm17-ce-22.3.0
PATH=/nix/store/1d6ian3r8kdzspw8hacjhl3xkp40g1lj-binutils-wrapper-2.39/bin:/nix/store/dq0xwmsk1g0i2ayg6pb7y87na2knzylh-gcc-wrapper-11.3.0/bin:/nix/store/bap4d0lpcrhpwmpb8ayjcgkmvfj62lnq-bash-interactive-5.1-p16/bin:/nix/store/pr5n59mb4jzmfx6kanwxly0l07p861fg-patchelf-0.15.0/bin:/nix/store/1gf2flfqnpqbr1b4p4qz2f72y42bs56r-gcc-11.3.0/bin:/nix/store/57xv61c5zi8pphjbcwxxjlgc34p61ic9-glibc-2.35-163-bin/bin:/nix/store/a7gvj343m05j2s32xcnwr35v31ynlypr-coreutils-9.1/bin:/nix/store/039g378vc3pc3dvi9dzdlrd0i4q93qwf-binutils-2.39/bin:/nix/store/gpxl5qgg8kicmcvivwmybwjlpf7wh20l-graalvm17-ce-22.3.0/bin:/nix/store/6z9ag3ihc8mq2hzsw48lhbznvzny65nz-apache-maven-3.8.6/bin:/nix/store/m6gcpi1ii6rghy04cjwjddcavv7i90df-jdt-language-server-1.9.0/bin:/nix/store/84xs5alhs01zrbr4ywm05kxbjbp5590l-java-debug/bin:/nix/store/mydc6f4k2z73xlcz7ilif3v2lcaiqvza-findutils-4.9.0/bin:/nix/store/j9p3g8472iijd50vhdprx0nmk2fqn5gv-diffutils-3.8/bin:/nix/store/89zs7rms6x00xfq4dq6m7mjnhkr8a6r4-gnused-4.8/bin:/nix/store/86bp03jkmsl6f92w0yzg4s59g5mhxwmy-gnugrep-3.7/bin:/nix/store/hwcdqw4jrjnd37wxqgsd47hd0j8bnj09-gawk-5.1.1/bin:/nix/store/cfbhw8r8ags41vwqaz47r583d0p4h4a1-gnutar-1.34/bin:/nix/store/p3m1ndl1lapwrlh698bnb5lvvxh67378-gzip-1.12/bin:/nix/store/a8mhcagrsly7c7mpjrpsnaahk4aax056-bzip2-1.0.8-bin/bin:/nix/store/mblgz65m3zv9x548a3d5m96fj2pbwr09-gnumake-4.3/bin:/nix/store/dsd5gz46hdbdk2rfdimqddhq6m8m8fqs-bash-5.1-p16/bin:/nix/store/v7ljksji50mg3w61dykaa3n3y79n6nil-patch-2.7.6/bin:/nix/store/zlcnmqq14jz5x9439jf937mvayyl63da-xz-5.2.7-bin/bin:/nix/store/y6aj732zm9m87c82fpvf103a1xb22blp-file-5.43/bin:/nix/store/sgqd0ajghcv2axfl1lad0b1alyavp0dc-prybar-elisp-0.0.0-67f7a00/bin:/nix/store/p3hsvljpgs68jqwar41lc0jqhjj734lf-prybar-lua-0.0.0-67f7a00/bin:/nix/store/qzxs2gybds3s9kb1vkaflpgm2nwr85fh-prybar-python3-0.0.0-67f7a00/bin:/nix/store/km94z9mxp8w4m8gxxp5mbfpdf3nkfvd8-prybar-sqlite-0.0.0-67f7a00/bin:/nix/store/2pnc7b76asw0z59c4l6h6qy8arwqrii1-prybar-tcl-0.0.0-67f7a00/bin:/nix/store/hpbvrlwd5viqmvcaisb3x0118i913a9n-st
LD_LIBRARY_PATH=/nix/store/a4pff549sk2idnkpzk5nsfps3mdkdnvm-cups-2.4.2-lib/lib:/nix/store/72mqxxhh3cy5yifh92wh2yb8cl2hikyy-cairo-1.16.0/lib:/nix/store/2k366jrbsra97gjfxwvrhvixjfxdach5-glib-2.74.1/lib:/nix/store/2j2znigd8ak37rlwh9khz0ry3clqlw1l-gtk+3-3.24.34/lib:/nix/store/hisqvx32cd57apbpcsnkpx6k3549wql1-libglvnd-1.4.0/lib:/nix/store/p36pgcv991mq5srvg765b78yqpxvk3qs-mesa-21.3.3-drivers/lib:/nix/store/mav4251if1ahjq5vkpwycyyvnmy459c4-pulseaudio-14.2/lib
DISPLAY=:0
LANG=en_US.UTF-8

Signal Handlers:
   SIGSEGV: crash_handler in libjvm.so, mask=11100100010111111101111111111110, flags=SA_RESTART|SA_SIGINFO
    SIGBUS: crash_handler in libjvm.so, mask=11100100010111111101111111111110, flags=SA_RESTART|SA_SIGINFO
    SIGFPE: crash_handler in libjvm.so, mask=11100100010111111101111111111110, flags=SA_RESTART|SA_SIGINFO
   SIGPIPE: IsolateEnterStub_IgnoreSIGPIPEStartupHook_noopSignalHandler_8f19bff2f35b5f630d83b364d6b2339320d4ec70_216e8361c6bc87a8f89f58cc10d3b2fd4415bf87 in libjvmcicompiler.so, mask=00000000000000000000000000000000, flags=SA_RESTART
  *** Handler was modified!
  *** Expected: javaSignalHandler in libjvm.so, mask=11100100110111111111111111111110, flags=SA_RESTART|SA_SIGINFO
   SIGXFSZ: javaSignalHandler in libjvm.so, mask=11100100010111111101111111111110, flags=SA_RESTART|SA_SIGINFO
    SIGILL: crash_handler in libjvm.so, mask=11100100010111111101111111111110, flags=SA_RESTART|SA_SIGINFO
   SIGUSR2: SR_handler in libjvm.so, mask=00000000000000000000000000000000, flags=SA_RESTART|SA_SIGINFO
    SIGHUP: UserHandler in libjvm.so, mask=11100100010111111101111111111110, flags=SA_RESTART|SA_SIGINFO
    SIGINT: UserHandler in libjvm.so, mask=11100100010111111101111111111110, flags=SA_RESTART|SA_SIGINFO
   SIGTERM: UserHandler in libjvm.so, mask=11100100010111111101111111111110, flags=SA_RESTART|SA_SIGINFO
   SIGQUIT: UserHandler in libjvm.so, mask=11100100010111111101111111111110, flags=SA_RESTART|SA_SIGINFO
  *** Handler was modified!
  *** Expected: javaSignalHandler in libjvm.so, mask=11100100110111111111111111111110, flags=SA_RESTART|SA_SIGINFO
   SIGTRAP: crash_handler in libjvm.so, mask=11100100010111111101111111111110, flags=SA_RESTART|SA_SIGINFO


---------------  S Y S T E M  ---------------

OS:
DISTRIB_ID=Ubuntu
DISTRIB_RELEASE=20.04
DISTRIB_CODENAME=focal
DISTRIB_DESCRIPTION="Ubuntu 20.04.2 LTS"
uname: Linux 5.15.0-1027-gcp #34~20.04.1-Ubuntu SMP Mon Jan 9 18:40:09 UTC 2023 x86_64
OS uptime: 0 days 3:50 hours
libc: glibc 2.35 NPTL 2.35 
rlimit (soft/hard): STACK 8192k/infinity , CORE infinity/infinity , NPROC infinity/infinity , NOFILE 5242/5242 , AS infinity/infinity , CPU infinity/infinity , DATA infinity/infinity , FSIZE infinity/infinity , MEMLOCK 64k/64k
load average: 13.04 14.83 15.19

/proc/meminfo:
MemTotal:       65852736 kB
MemFree:        24231024 kB
MemAvailable:   43520960 kB
Buffers:         1561028 kB
Cached:         16402692 kB
SwapCached:            0 kB
Active:          7970472 kB
Inactive:       28898492 kB
Active(anon):      17576 kB
Inactive(anon): 18290988 kB
Active(file):    7952896 kB
Inactive(file): 10607504 kB
Unevictable:       43740 kB
Mlocked:           43740 kB
SwapTotal:             0 kB
SwapFree:              0 kB
Dirty:              4660 kB
Writeback:             0 kB
AnonPages:      17909272 kB
Mapped:          1788568 kB
Shmem:             30192 kB
KReclaimable:    1456136 kB
Slab:            3638156 kB
SReclaimable:    1456136 kB
SUnreclaim:      2182020 kB
KernelStack:      409332 kB
PageTables:       221092 kB
NFS_Unstable:          0 kB
Bounce:                0 kB
WritebackTmp:          0 kB
CommitLimit:    32926368 kB
Committed_AS:   71671296 kB
VmallocTotal:   34359738367 kB
VmallocUsed:      459496 kB
VmallocChunk:          0 kB
Percpu:           107136 kB
HardwareCorrupted:     0 kB
AnonHugePages:    411648 kB
ShmemHugePages:        0 kB
ShmemPmdMapped:        0 kB
FileHugePages:         0 kB
FilePmdMapped:         0 kB
HugePages_Total:       0
HugePages_Free:        0
HugePages_Rsvd:        0
HugePages_Surp:        0
Hugepagesize:       2048 kB
Hugetlb:               0 kB
DirectMap4k:     3763008 kB
DirectMap2M:    44468224 kB
DirectMap1G:    20971520 kB

/sys/kernel/mm/transparent_hugepage/enabled: always [madvise] never
/sys/kernel/mm/transparent_hugepage/defrag (defrag/compaction efforts parameter): always defer defer+madvise [madvise] never

Process Memory:
Virtual Size: 5187412K (peak: 5274428K)
Resident Set Size: 759668K (peak: 788004K) (anon: 562096K, file: 197572K, shmem: 0K)
Swapped out: 0K
C-Heap outstanding allocations: 42059K, retained: 13672K
glibc malloc tunables: (default)

/proc/sys/kernel/threads-max (system-wide limit on the number of threads): 514406
/proc/sys/vm/max_map_count (maximum number of memory map areas a process may have): 65530
/proc/sys/kernel/pid_max (system-wide limit on number of process identifiers): 4194304

container (cgroup) information:
container_type: cgroupv1
cpu_cpuset_cpus: 2-7
cpu_memory_nodes: 0
active_processor_count: 1
cpu_quota: 50000
cpu_period: 100000
cpu_shares: 512
memory_limit_in_bytes: 1048576 k
memory_and_swap_limit_in_bytes: 1048576 k
memory_soft_limit_in_bytes: 524288 k
memory_usage_in_bytes: 600752 k
memory_max_usage_in_bytes: 621732 k
maximum number of tasks: 1000
current number of tasks: 56

KVM virtualization detected
Steal ticks since vm start: 0
Steal ticks percentage since vm start:  0.000

CPU: total 8 (initial active 1) (8 cores per cpu, 2 threads per core) family 23 model 49 stepping 0 microcode 0xffffffff, cx8, cmov, fxsr, ht, mmx, 3dnowpref, sse, sse2, sse3, ssse3, sse4a, sse4.1, sse4.2, popcnt, lzcnt, tsc, tscinvbit, avx, avx2, aes, clmul, bmi1, bmi2, adx, sha, fma, vzeroupper, clflush, clflushopt, hv
CPU Model and flags from /proc/cpuinfo:
model name	: AMD EPYC 7B12
flags		: fpu vme de pse tsc msr pae mce cx8 apic sep mtrr pge mca cmov pat pse36 clflush mmx fxsr sse sse2 ht syscall nx mmxext fxsr_opt pdpe1gb rdtscp lm constant_tsc rep_good nopl nonstop_tsc cpuid extd_apicid tsc_known_freq pni pclmulqdq ssse3 fma cx16 sse4_1 sse4_2 movbe popcnt aes xsave avx f16c rdrand hypervisor lahf_lm cmp_legacy cr8_legacy abm sse4a misalignsse 3dnowprefetch osvw topoext ssbd ibrs ibpb stibp vmmcall fsgsbase tsc_adjust bmi1 avx2 smep bmi2 rdseed adx smap clflushopt clwb sha_ni xsaveopt xsavec xgetbv1 clzero xsaveerptr arat npt nrip_save umip rdpid

Online cpus: 0-7
Offline cpus: 
BIOS frequency limitation: <Not Available>
Frequency switch latency (ns): <Not Available>
Available cpu frequencies: <Not Available>
Current governor: <Not Available>
Core performance/turbo boost: <Not Available>

Memory: 4k page, physical 1048576k(447816k free), swap 0k(0k free)
Page Sizes: 4k

vm_info: OpenJDK 64-Bit Server VM (17.0.5+8-jvmci-22.3-b08) for linux-amd64 JRE (17.0.5+8-jvmci-22.3-b08), built on Oct 19 2022 09:01:27 by "buildslave" with gcc 10.3.0

END.
